Log file open, 08/25/22 09:55:26
LogWindows: Failed to load 'aqProf.dll' (GetLastError=126)
LogWindows: File 'aqProf.dll' does not exist
LogWindows: Failed to load 'VtuneApi.dll' (GetLastError=126)
LogWindows: File 'VtuneApi.dll' does not exist
LogWindows: Failed to load 'VtuneApi32e.dll' (GetLastError=126)
LogWindows: File 'VtuneApi32e.dll' does not exist
LogConsoleResponse: Display: Failed to find resolution value strings in scalability ini. Falling back to default.
LogConsoleResponse: Display: Failed to find resolution value strings in scalability ini. Falling back to default.
LogInit: Display: Running engine for game: BigOffice
LogPlatformFile: Not using cached read wrapper
LogTaskGraph: Started task graph with 5 named threads and 23 total threads with 3 sets of task threads.
LogStats: Stats thread started at 0.878793
LogICUInternationalization: ICU TimeZone Detection - Raw Offset: +9:00, Platform Override: ''
LogInit: Display: Loading text-based GConfig....
LogPluginManager: Mounting plugin MeshPainting
LogPluginManager: Mounting plugin XGEController
LogPluginManager: Mounting plugin Paper2D
LogPluginManager: Mounting plugin LiveLink
LogPluginManager: Mounting plugin AISupport
LogPluginManager: Mounting plugin EnvironmentQueryEditor
LogPluginManager: Mounting plugin LightPropagationVolume
LogPluginManager: Mounting plugin OodleData
LogPluginManager: Mounting plugin CameraShakePreviewer
LogPluginManager: Mounting plugin GameplayCameras
LogPluginManager: Mounting plugin OodleNetwork
LogPluginManager: Mounting plugin AssetManagerEditor
LogPluginManager: Mounting plugin CryptoKeys
LogPluginManager: Mounting plugin CurveEditorTools
LogPluginManager: Mounting plugin AnimationSharing
LogPluginManager: Mounting plugin Niagara
LogPluginManager: Mounting plugin DataValidation
LogPluginManager: Mounting plugin EditorScriptingUtilities
LogPluginManager: Mounting plugin FacialAnimation
LogPluginManager: Mounting plugin GameplayTagsEditor
LogPluginManager: Mounting plugin GeometryMode
LogPluginManager: Mounting plugin MacGraphicsSwitching
LogPluginManager: Mounting plugin MaterialAnalyzer
LogPluginManager: Mounting plugin MeshEditor
LogPluginManager: Mounting plugin MobileLauncherProfileWizard
LogPluginManager: Mounting plugin PluginBrowser
LogPluginManager: Mounting plugin SpeedTreeImporter
LogPluginManager: Mounting plugin MagicLeap
LogPluginManager: Mounting plugin LuminPlatformFeatures
LogPluginManager: Mounting plugin MagicLeapLightEstimation
LogPluginManager: Mounting plugin MagicLeapMedia
LogPluginManager: Mounting plugin MagicLeapPassableWorld
LogPluginManager: Mounting plugin MLSDK
LogPluginManager: Mounting plugin AlembicImporter
LogPluginManager: Mounting plugin AutomationUtils
LogPluginManager: Mounting plugin BackChannel
LogPluginManager: Mounting plugin ChaosCloth
LogPluginManager: Mounting plugin ChaosClothEditor
LogPluginManager: Mounting plugin BlastPlugin
LogPluginManager: Mounting plugin ChaosNiagara
LogPluginManager: Mounting plugin ChaosEditor
LogPluginManager: Mounting plugin ChaosSolverPlugin
LogPluginManager: Mounting plugin CharacterAI
LogPluginManager: Mounting plugin GeometryCache
LogPluginManager: Mounting plugin GeometryCollectionPlugin
LogPluginManager: Mounting plugin GeometryProcessing
LogPluginManager: Mounting plugin MotoSynth
LogPluginManager: Mounting plugin OpenImageDenoise
LogPluginManager: Mounting plugin PlanarCut
LogPluginManager: Mounting plugin ProxyLODPlugin
LogPluginManager: Mounting plugin PlatformCrypto
LogPluginManager: Mounting plugin PythonScriptPlugin
LogPluginManager: Mounting plugin SkeletalReduction
LogPluginManager: Mounting plugin TcpMessaging
LogPluginManager: Mounting plugin UdpMessaging
LogPluginManager: Mounting plugin AndroidMedia
LogPluginManager: Mounting plugin AvfMedia
LogPluginManager: Mounting plugin ImgMedia
LogPluginManager: Mounting plugin MediaCompositing
LogPluginManager: Mounting plugin MediaPlayerEditor
LogPluginManager: Mounting plugin WebMMedia
LogPluginManager: Mounting plugin WmfMedia
LogPluginManager: Mounting plugin ActorSequence
LogPluginManager: Mounting plugin MatineeToLevelSequence
LogPluginManager: Mounting plugin LevelSequenceEditor
LogPluginManager: Mounting plugin TemplateSequence
LogPluginManager: Mounting plugin OnlineSubsystem
LogPluginManager: Mounting plugin OnlineSubsystemNull
LogPluginManager: Mounting plugin OnlineSubsystemUtils
LogPluginManager: Mounting plugin ActorLayerUtilities
LogPluginManager: Mounting plugin LauncherChunkInstaller
LogPluginManager: Mounting plugin AndroidDeviceProfileSelector
LogPluginManager: Mounting plugin AndroidMoviePlayer
LogPluginManager: Mounting plugin AndroidPermission
LogPluginManager: Mounting plugin ApexDestruction
LogPluginManager: Mounting plugin AppleMoviePlayer
LogPluginManager: Mounting plugin ArchVisCharacter
LogPluginManager: Mounting plugin AppleImageUtils
LogPluginManager: Mounting plugin AssetTags
LogPluginManager: Mounting plugin AudioCapture
LogPluginManager: Mounting plugin AudioSynesthesia
LogPluginManager: Mounting plugin CableComponent
LogPluginManager: Mounting plugin CustomMeshComponent
LogPluginManager: Mounting plugin ChunkDownloader
LogPluginManager: Mounting plugin ExampleDeviceProfileSelector
LogPluginManager: Mounting plugin EditableMesh
LogPluginManager: Mounting plugin GoogleCloudMessaging
LogPluginManager: Mounting plugin GooglePAD
LogPluginManager: Mounting plugin ScreenshotTools
LogPluginManager: Mounting plugin IOSDeviceProfileSelector
LogPluginManager: Mounting plugin LinuxDeviceProfileSelector
LogPluginManager: Mounting plugin LocationServicesBPLibrary
LogPluginManager: Mounting plugin MobilePatchingUtils
LogPluginManager: Mounting plugin OpenXR
LogPluginManager: Mounting plugin OpenXREyeTracker
LogPluginManager: Mounting plugin OpenXRHandTracking
LogPluginManager: Mounting plugin PhysXVehicles
LogPluginManager: Mounting plugin PostSplashScreen
LogPluginManager: Mounting plugin PropertyAccessEditor
LogPluginManager: Mounting plugin ProceduralMeshComponent
LogPluginManager: Mounting plugin RuntimePhysXCooking
LogPluginManager: Mounting plugin SignificanceManager
LogPluginManager: Mounting plugin SoundFields
LogPluginManager: Mounting plugin Synthesis
LogPluginManager: Mounting plugin WebMMoviePlayer
LogPluginManager: Mounting plugin WindowsMoviePlayer
LogPluginManager: Mounting plugin Takes
LogPluginManager: Mounting plugin CLionSourceCodeAccess
LogPluginManager: Mounting plugin CodeLiteSourceCodeAccess
LogPluginManager: Mounting plugin KDevelopSourceCodeAccess
LogPluginManager: Mounting plugin GitSourceControl
LogPluginManager: Mounting plugin NullSourceCodeAccess
LogPluginManager: Mounting plugin PerforceSourceControl
LogPluginManager: Mounting plugin PixWinPlugin
LogPluginManager: Mounting plugin PlasticSourceControl
LogPluginManager: Mounting plugin PropertyAccessNode
LogPluginManager: Mounting plugin PluginUtils
LogPluginManager: Mounting plugin RiderSourceCodeAccess
LogPluginManager: Mounting plugin SubversionSourceControl
LogPluginManager: Mounting plugin TextureFormatOodle
LogPluginManager: Mounting plugin UObjectPlugin
LogPluginManager: Mounting plugin VisualStudioCodeSourceCodeAccess
LogPluginManager: Mounting plugin VisualStudioSourceCodeAccess
LogPluginManager: Mounting plugin XCodeSourceCodeAccess
LogPluginManager: Mounting plugin DataprepEditor
LogPluginManager: Mounting plugin DatasmithContent
LogPluginManager: Mounting plugin StaticMeshEditorExtension
LogPluginManager: Mounting plugin VariantManagerContent
LogPluginManager: Mounting plugin ContentBrowserAssetDataSource
LogPluginManager: Mounting plugin ContentBrowserFileDataSource
LogPluginManager: Mounting plugin ContentBrowserClassDataSource
LogPluginManager: Mounting plugin OnlineSubsystemGooglePlay
LogPluginManager: Mounting plugin OnlineSubsystemIOS
LogPluginManager: Mounting plugin OculusVR
LogPluginManager: Mounting plugin SteamVR
LogInit: Using libcurl 7.55.1-DEV
LogInit:  - built for x86_64-pc-win32
LogInit:  - supports SSL with OpenSSL/1.1.1
LogInit:  - supports HTTP deflate (compression) using libz 1.2.8
LogInit:  - other features:
LogInit:      CURL_VERSION_SSL
LogInit:      CURL_VERSION_LIBZ
LogInit:      CURL_VERSION_IPV6
LogInit:      CURL_VERSION_ASYNCHDNS
LogInit:      CURL_VERSION_LARGEFILE
LogInit:      CURL_VERSION_IDN
LogInit:  CurlRequestOptions (configurable via config and command line):
LogInit:  - bVerifyPeer = true  - Libcurl will verify peer certificate
LogInit:  - bUseHttpProxy = false  - Libcurl will NOT use HTTP proxy
LogInit:  - bDontReuseConnections = false  - Libcurl will reuse connections
LogInit:  - MaxHostConnections = 16  - Libcurl will limit the number of connections to a host
LogInit:  - LocalHostAddr = Default
LogInit:  - BufferSize = 65536
LogOnline: OSS: Creating online subsystem instance for: NULL
LogInit: WinSock: version 1.1 (2.2), MaxSocks=32767, MaxUdp=65467
LogOnline: OSS: TryLoadSubsystemAndSetDefault: Loaded subsystem for module [NULL]
PixWinPlugin: PIX capture plugin failed to initialize! Check that the process is launched from PIX.
LogOculusPluginWrapper: OculusPlugin initialized successfully
LogHMD: Failed initializing OVRPlugin 1.59.0
LogInit: Build: ++UE4+Release-4.27-CL-18319896
LogInit: Engine Version: 4.27.2-18319896+++UE4+Release-4.27
LogInit: Compatible Engine Version: 4.27.0-17155196+++UE4+Release-4.27
LogInit: Net CL: 17155196
LogInit: OS: Windows 10 (Release 2009) (), CPU: Intel(R) Core(TM) i5-10300H CPU @ 2.50GHz, GPU: Intel(R) UHD Graphics
LogInit: Compiled (64-bit): Nov 30 2021 07:12:08
LogInit: Compiled with Visual C++: 19.24.28315.00
LogInit: Build Configuration: Development
LogInit: Branch Name: ++UE4+Release-4.27
LogInit: Command Line: 
LogInit: Base Directory: C:/Program Files/Epic Games/UE_4.27/Engine/Binaries/Win64/
LogInit: Allocator: TBB
LogInit: Installed Engine Build: 1
LogDevObjectVersion: Number of dev versions registered: 29
LogDevObjectVersion:   Dev-Blueprints (B0D832E4-1F89-4F0D-ACCF-7EB736FD4AA2): 10
LogDevObjectVersion:   Dev-Build (E1C64328-A22C-4D53-A36C-8E866417BD8C): 0
LogDevObjectVersion:   Dev-Core (375EC13C-06E4-48FB-B500-84F0262A717E): 4
LogDevObjectVersion:   Dev-Editor (E4B068ED-F494-42E9-A231-DA0B2E46BB41): 40
LogDevObjectVersion:   Dev-Framework (CFFC743F-43B0-4480-9391-14DF171D2073): 37
LogDevObjectVersion:   Dev-Mobile (B02B49B5-BB20-44E9-A304-32B752E40360): 3
LogDevObjectVersion:   Dev-Networking (A4E4105C-59A1-49B5-A7C5-40C4547EDFEE): 0
LogDevObjectVersion:   Dev-Online (39C831C9-5AE6-47DC-9A44-9C173E1C8E7C): 0
LogDevObjectVersion:   Dev-Physics (78F01B33-EBEA-4F98-B9B4-84EACCB95AA2): 14
LogDevObjectVersion:   Dev-Platform (6631380F-2D4D-43E0-8009-CF276956A95A): 0
LogDevObjectVersion:   Dev-Rendering (12F88B9F-8875-4AFC-A67C-D90C383ABD29): 45
LogDevObjectVersion:   Dev-Sequencer (7B5AE74C-D270-4C10-A958-57980B212A5A): 13
LogDevObjectVersion:   Dev-VR (D7296918-1DD6-4BDD-9DE2-64A83CC13884): 3
LogDevObjectVersion:   Dev-LoadTimes (C2A15278-BFE7-4AFE-6C17-90FF531DF755): 1
LogDevObjectVersion:   Private-Geometry (6EACA3D4-40EC-4CC1-B786-8BED09428FC5): 3
LogDevObjectVersion:   Dev-AnimPhys (29E575DD-E0A3-4627-9D10-D276232CDCEA): 17
LogDevObjectVersion:   Dev-Anim (AF43A65D-7FD3-4947-9873-3E8ED9C1BB05): 15
LogDevObjectVersion:   Dev-ReflectionCapture (6B266CEC-1EC7-4B8F-A30B-E4D90942FC07): 1
LogDevObjectVersion:   Dev-Automation (0DF73D61-A23F-47EA-B727-89E90C41499A): 1
LogDevObjectVersion:   FortniteMain (601D1886-AC64-4F84-AA16-D3DE0DEAC7D6): 47
LogDevObjectVersion:   FortniteRelease (E7086368-6B23-4C58-8439-1B7016265E91): 1
LogDevObjectVersion:   Dev-Enterprise (9DFFBCD6-494F-0158-E221-12823C92A888): 10
LogDevObjectVersion:   Dev-Niagara (F2AED0AC-9AFE-416F-8664-AA7FFA26D6FC): 1
LogDevObjectVersion:   Dev-Destruction (174F1F0B-B4C6-45A5-B13F-2EE8D0FB917D): 10
LogDevObjectVersion:   Dev-Physics-Ext (35F94A83-E258-406C-A318-09F59610247C): 41
LogDevObjectVersion:   Dev-PhysicsMaterial-Chaos (B68FC16E-8B1B-42E2-B453-215C058844FE): 1
LogDevObjectVersion:   Dev-CineCamera (B2E18506-4273-CFC2-A54E-F4BB758BBA07): 1
LogDevObjectVersion:   Dev-VirtualProduction (64F58936-FD1B-42BA-BA96-7289D5D0FA4E): 1
LogDevObjectVersion:   Dev-MediaFramework (6F0ED827-A609-4895-9C91-998D90180EA4): 2
LogInit: Presizing for max 25165824 objects, including 0 objects not considered by GC, pre-allocating 0 bytes for permanent pool.
LogConfig: Applying CVar settings from Section [/Script/Engine.StreamingSettings] File [C:/ilue/VR_Escape/Saved/Config/Windows/Engine.ini]
LogConfig: Setting CVar [[s.MinBulkDataSizeForAsyncLoading:131072]]
LogConfig: Setting CVar [[s.AsyncLoadingThreadEnabled:0]]
LogConfig: Setting CVar [[s.EventDrivenLoaderEnabled:1]]
LogConfig: Setting CVar [[s.WarnIfTimeLimitExceeded:0]]
LogConfig: Setting CVar [[s.TimeLimitExceededMultiplier:1.5]]
LogConfig: Setting CVar [[s.TimeLimitExceededMinTime:0.005]]
LogConfig: Setting CVar [[s.UseBackgroundLevelStreaming:1]]
LogConfig: Setting CVar [[s.PriorityAsyncLoadingExtraTime:15.0]]
LogConfig: Setting CVar [[s.LevelStreamingActorsUpdateTimeLimit:5.0]]
LogConfig: Setting CVar [[s.PriorityLevelStreamingActorsUpdateExtraTime:5.0]]
LogConfig: Setting CVar [[s.LevelStreamingComponentsRegistrationGranularity:10]]
LogConfig: Setting CVar [[s.UnregisterComponentsTimeLimit:1.0]]
LogConfig: Setting CVar [[s.LevelStreamingComponentsUnregistrationGranularity:5]]
LogConfig: Setting CVar [[s.FlushStreamingOnExit:1]]
LogInit: Object subsystem initialized
LogConfig: Setting CVar [[con.DebugEarlyDefault:1]]
LogConfig: Setting CVar [[r.setres:1280x720]]
[2022.08.25-00.55.30:031][  0]LogConfig: Setting CVar [[r.VSync:0]]
[2022.08.25-00.55.30:031][  0]LogConfig: Setting CVar [[r.RHICmdBypass:0]]
[2022.08.25-00.55.30:031][  0]LogConfig: Applying CVar settings from Section [/Script/Engine.RendererSettings] File [C:/ilue/VR_Escape/Saved/Config/Windows/Engine.ini]
[2022.08.25-00.55.30:032][  0]LogConfig: Setting CVar [[r.GPUCrashDebugging:0]]
[2022.08.25-00.55.30:032][  0]LogConfig: Setting CVar [[r.EarlyZPass:2]]
[2022.08.25-00.55.30:034][  0]LogConfig: Applying CVar settings from Section [/Script/Engine.RendererOverrideSettings] File [C:/ilue/VR_Escape/Saved/Config/Windows/Engine.ini]
[2022.08.25-00.55.30:034][  0]LogConfig: Applying CVar settings from Section [/Script/Engine.StreamingSettings] File [C:/ilue/VR_Escape/Saved/Config/Windows/Engine.ini]
[2022.08.25-00.55.30:034][  0]LogConfig: Setting CVar [[s.MinBulkDataSizeForAsyncLoading:131072]]
[2022.08.25-00.55.30:034][  0]LogConfig: Setting CVar [[s.AsyncLoadingThreadEnabled:0]]
[2022.08.25-00.55.30:034][  0]LogConfig: Setting CVar [[s.EventDrivenLoaderEnabled:1]]
[2022.08.25-00.55.30:034][  0]LogConfig: Setting CVar [[s.WarnIfTimeLimitExceeded:0]]
[2022.08.25-00.55.30:034][  0]LogConfig: Setting CVar [[s.TimeLimitExceededMultiplier:1.5]]
[2022.08.25-00.55.30:034][  0]LogConfig: Setting CVar [[s.TimeLimitExceededMinTime:0.005]]
[2022.08.25-00.55.30:034][  0]LogConfig: Setting CVar [[s.UseBackgroundLevelStreaming:1]]
[2022.08.25-00.55.30:034][  0]LogConfig: Setting CVar [[s.PriorityAsyncLoadingExtraTime:15.0]]
[2022.08.25-00.55.30:034][  0]LogConfig: Setting CVar [[s.LevelStreamingActorsUpdateTimeLimit:5.0]]
[2022.08.25-00.55.30:034][  0]LogConfig: Setting CVar [[s.PriorityLevelStreamingActorsUpdateExtraTime:5.0]]
[2022.08.25-00.55.30:034][  0]LogConfig: Setting CVar [[s.LevelStreamingComponentsRegistrationGranularity:10]]
[2022.08.25-00.55.30:034][  0]LogConfig: Setting CVar [[s.UnregisterComponentsTimeLimit:1.0]]
[2022.08.25-00.55.30:034][  0]LogConfig: Setting CVar [[s.LevelStreamingComponentsUnregistrationGranularity:5]]
[2022.08.25-00.55.30:034][  0]LogConfig: Setting CVar [[s.FlushStreamingOnExit:1]]
[2022.08.25-00.55.30:034][  0]LogConfig: Applying CVar settings from Section [/Script/Engine.GarbageCollectionSettings] File [C:/ilue/VR_Escape/Saved/Config/Windows/Engine.ini]
[2022.08.25-00.55.30:034][  0]LogConfig: Setting CVar [[gc.MaxObjectsNotConsideredByGC:1]]
[2022.08.25-00.55.30:034][  0]LogConfig: Setting CVar [[gc.SizeOfPermanentObjectPool:0]]
[2022.08.25-00.55.30:034][  0]LogConfig: Setting CVar [[gc.FlushStreamingOnGC:0]]
[2022.08.25-00.55.30:034][  0]LogConfig: Setting CVar [[gc.NumRetriesBeforeForcingGC:10]]
[2022.08.25-00.55.30:034][  0]LogConfig: Setting CVar [[gc.AllowParallelGC:1]]
[2022.08.25-00.55.30:034][  0]LogConfig: Setting CVar [[gc.TimeBetweenPurgingPendingKillObjects:61.1]]
[2022.08.25-00.55.30:034][  0]LogConfig: Setting CVar [[gc.MaxObjectsInEditor:25165824]]
[2022.08.25-00.55.30:034][  0]LogConfig: Setting CVar [[gc.IncrementalBeginDestroyEnabled:1]]
[2022.08.25-00.55.30:034][  0]LogConfig: Setting CVar [[gc.CreateGCClusters:1]]
[2022.08.25-00.55.30:034][  0]LogConfig: Setting CVar [[gc.MinGCClusterSize:5]]
[2022.08.25-00.55.30:034][  0]LogConfig: Setting CVar [[gc.ActorClusteringEnabled:0]]
[2022.08.25-00.55.30:034][  0]LogConfig: Setting CVar [[gc.BlueprintClusteringEnabled:0]]
[2022.08.25-00.55.30:034][  0]LogConfig: Setting CVar [[gc.UseDisregardForGCOnDedicatedServers:0]]
[2022.08.25-00.55.30:034][  0]LogConfig: Setting CVar [[gc.MultithreadedDestructionEnabled:1]]
[2022.08.25-00.55.30:034][  0]LogConfig: Applying CVar settings from Section [/Script/Engine.NetworkSettings] File [C:/ilue/VR_Escape/Saved/Config/Windows/Engine.ini]
[2022.08.25-00.55.30:034][  0]LogConfig: Applying CVar settings from Section [/Script/UnrealEd.CookerSettings] File [C:/ilue/VR_Escape/Saved/Config/Windows/Engine.ini]
[2022.08.25-00.55.30:042][  0]LogConfig: Applying CVar settings from Section [ViewDistanceQuality@3] File [C:/ilue/VR_Escape/Saved/Config/Windows/Scalability.ini]
[2022.08.25-00.55.30:042][  0]LogConfig: Setting CVar [[r.SkeletalMeshLODBias:0]]
[2022.08.25-00.55.30:042][  0]LogConfig: Setting CVar [[r.ViewDistanceScale:1.0]]
[2022.08.25-00.55.30:042][  0]LogConfig: Applying CVar settings from Section [AntiAliasingQuality@3] File [C:/ilue/VR_Escape/Saved/Config/Windows/Scalability.ini]
[2022.08.25-00.55.30:042][  0]LogConfig: Setting CVar [[r.PostProcessAAQuality:4]]
[2022.08.25-00.55.30:042][  0]LogConfig: Applying CVar settings from Section [ShadowQuality@3] File [C:/ilue/VR_Escape/Saved/Config/Windows/Scalability.ini]
[2022.08.25-00.55.30:042][  0]LogConfig: Setting CVar [[r.LightFunctionQuality:1]]
[2022.08.25-00.55.30:042][  0]LogConfig: Setting CVar [[r.ShadowQuality:5]]
[2022.08.25-00.55.30:042][  0]LogConfig: Setting CVar [[r.Shadow.CSM.MaxCascades:10]]
[2022.08.25-00.55.30:042][  0]LogConfig: Setting CVar [[r.Shadow.MaxResolution:2048]]
[2022.08.25-00.55.30:042][  0]LogConfig: Setting CVar [[r.Shadow.MaxCSMResolution:2048]]
[2022.08.25-00.55.30:042][  0]LogConfig: Setting CVar [[r.Shadow.RadiusThreshold:0.01]]
[2022.08.25-00.55.30:042][  0]LogConfig: Setting CVar [[r.Shadow.DistanceScale:1.0]]
[2022.08.25-00.55.30:042][  0]LogConfig: Setting CVar [[r.Shadow.CSM.TransitionScale:1.0]]
[2022.08.25-00.55.30:042][  0]LogConfig: Setting CVar [[r.Shadow.PreShadowResolutionFactor:1.0]]
[2022.08.25-00.55.30:042][  0]LogConfig: Setting CVar [[r.DistanceFieldShadowing:1]]
[2022.08.25-00.55.30:042][  0]LogConfig: Setting CVar [[r.DistanceFieldAO:1]]
[2022.08.25-00.55.30:042][  0]LogConfig: Setting CVar [[r.AOQuality:2]]
[2022.08.25-00.55.30:042][  0]LogConfig: Setting CVar [[r.VolumetricFog:1]]
[2022.08.25-00.55.30:042][  0]LogConfig: Setting CVar [[r.VolumetricFog.GridPixelSize:8]]
[2022.08.25-00.55.30:042][  0]LogConfig: Setting CVar [[r.VolumetricFog.GridSizeZ:128]]
[2022.08.25-00.55.30:042][  0]LogConfig: Setting CVar [[r.VolumetricFog.HistoryMissSupersampleCount:4]]
[2022.08.25-00.55.30:042][  0]LogConfig: Setting CVar [[r.LightMaxDrawDistanceScale:1]]
[2022.08.25-00.55.30:042][  0]LogConfig: Setting CVar [[r.CapsuleShadows:1]]
[2022.08.25-00.55.30:042][  0]LogConfig: Applying CVar settings from Section [PostProcessQuality@3] File [C:/ilue/VR_Escape/Saved/Config/Windows/Scalability.ini]
[2022.08.25-00.55.30:042][  0]LogConfig: Setting CVar [[r.MotionBlurQuality:4]]
[2022.08.25-00.55.30:042][  0]LogConfig: Setting CVar [[r.AmbientOcclusionMipLevelFactor:0.4]]
[2022.08.25-00.55.30:042][  0]LogConfig: Setting CVar [[r.AmbientOcclusionMaxQuality:100]]
[2022.08.25-00.55.30:042][  0]LogConfig: Setting CVar [[r.AmbientOcclusionLevels:-1]]
[2022.08.25-00.55.30:042][  0]LogConfig: Setting CVar [[r.AmbientOcclusionRadiusScale:1.0]]
[2022.08.25-00.55.30:042][  0]LogConfig: Setting CVar [[r.DepthOfFieldQuality:2]]
[2022.08.25-00.55.30:042][  0]LogConfig: Setting CVar [[r.RenderTargetPoolMin:400]]
[2022.08.25-00.55.30:042][  0]LogConfig: Setting CVar [[r.LensFlareQuality:2]]
[2022.08.25-00.55.30:042][  0]LogConfig: Setting CVar [[r.SceneColorFringeQuality:1]]
[2022.08.25-00.55.30:042][  0]LogConfig: Setting CVar [[r.EyeAdaptationQuality:2]]
[2022.08.25-00.55.30:042][  0]LogConfig: Setting CVar [[r.BloomQuality:5]]
[2022.08.25-00.55.30:042][  0]LogConfig: Setting CVar [[r.FastBlurThreshold:100]]
[2022.08.25-00.55.30:042][  0]LogConfig: Setting CVar [[r.Upscale.Quality:3]]
[2022.08.25-00.55.30:042][  0]LogConfig: Setting CVar [[r.Tonemapper.GrainQuantization:1]]
[2022.08.25-00.55.30:042][  0]LogConfig: Setting CVar [[r.LightShaftQuality:1]]
[2022.08.25-00.55.30:042][  0]LogConfig: Setting CVar [[r.Filter.SizeScale:1]]
[2022.08.25-00.55.30:042][  0]LogConfig: Setting CVar [[r.Tonemapper.Quality:5]]
[2022.08.25-00.55.30:042][  0]LogConfig: Setting CVar [[r.DOF.Gather.AccumulatorQuality:1        ; higher gathering accumulator quality]]
[2022.08.25-00.55.30:042][  0]LogConfig: Setting CVar [[r.DOF.Gather.PostfilterMethod:1          ; Median3x3 postfilering method]]
[2022.08.25-00.55.30:042][  0]LogConfig: Setting CVar [[r.DOF.Gather.EnableBokehSettings:0       ; no bokeh simulation when gathering]]
[2022.08.25-00.55.30:042][  0]LogConfig: Setting CVar [[r.DOF.Gather.RingCount:4                 ; medium number of samples when gathering]]
[2022.08.25-00.55.30:042][  0]LogConfig: Setting CVar [[r.DOF.Scatter.ForegroundCompositing:1    ; additive foreground scattering]]
[2022.08.25-00.55.30:042][  0]LogConfig: Setting CVar [[r.DOF.Scatter.BackgroundCompositing:2    ; additive background scattering]]
[2022.08.25-00.55.30:042][  0]LogConfig: Setting CVar [[r.DOF.Scatter.EnableBokehSettings:1      ; bokeh simulation when scattering]]
[2022.08.25-00.55.30:042][  0]LogConfig: Setting CVar [[r.DOF.Scatter.MaxSpriteRatio:0.1         ; only a maximum of 10% of scattered bokeh]]
[2022.08.25-00.55.30:042][  0]LogConfig: Setting CVar [[r.DOF.Recombine.Quality:1                ; cheap slight out of focus]]
[2022.08.25-00.55.30:042][  0]LogConfig: Setting CVar [[r.DOF.Recombine.EnableBokehSettings:0    ; no bokeh simulation on slight out of focus]]
[2022.08.25-00.55.30:042][  0]LogConfig: Setting CVar [[r.DOF.TemporalAAQuality:1                ; more stable temporal accumulation]]
[2022.08.25-00.55.30:042][  0]LogConfig: Setting CVar [[r.DOF.Kernel.MaxForegroundRadius:0.025]]
[2022.08.25-00.55.30:042][  0]LogConfig: Setting CVar [[r.DOF.Kernel.MaxBackgroundRadius:0.025]]
[2022.08.25-00.55.30:042][  0]LogConfig: Applying CVar settings from Section [TextureQuality@3] File [C:/ilue/VR_Escape/Saved/Config/Windows/Scalability.ini]
[2022.08.25-00.55.30:042][  0]LogConfig: Setting CVar [[r.Streaming.MipBias:0]]
[2022.08.25-00.55.30:042][  0]LogConfig: Setting CVar [[r.Streaming.AmortizeCPUToGPUCopy:0]]
[2022.08.25-00.55.30:042][  0]LogConfig: Setting CVar [[r.Streaming.MaxNumTexturesToStreamPerFrame:0]]
[2022.08.25-00.55.30:042][  0]LogConfig: Setting CVar [[r.Streaming.Boost:1]]
[2022.08.25-00.55.30:042][  0]LogConfig: Setting CVar [[r.MaxAnisotropy:8]]
[2022.08.25-00.55.30:042][  0]LogConfig: Setting CVar [[r.VT.MaxAnisotropy:8]]
[2022.08.25-00.55.30:042][  0]LogConfig: Setting CVar [[r.Streaming.LimitPoolSizeToVRAM:0]]
[2022.08.25-00.55.30:042][  0]LogConfig: Setting CVar [[r.Streaming.PoolSize:1000]]
[2022.08.25-00.55.30:042][  0]LogConfig: Setting CVar [[r.Streaming.MaxEffectiveScreenSize:0]]
[2022.08.25-00.55.30:042][  0]LogConfig: Applying CVar settings from Section [EffectsQuality@3] File [C:/ilue/VR_Escape/Saved/Config/Windows/Scalability.ini]
[2022.08.25-00.55.30:042][  0]LogConfig: Setting CVar [[r.TranslucencyLightingVolumeDim:64]]
[2022.08.25-00.55.30:042][  0]LogConfig: Setting CVar [[r.RefractionQuality:2]]
[2022.08.25-00.55.30:042][  0]LogConfig: Setting CVar [[r.SSR.Quality:3]]
[2022.08.25-00.55.30:042][  0]LogConfig: Setting CVar [[r.SSR.HalfResSceneColor:0]]
[2022.08.25-00.55.30:042][  0]LogConfig: Setting CVar [[r.SceneColorFormat:4]]
[2022.08.25-00.55.30:042][  0]LogConfig: Setting CVar [[r.DetailMode:2]]
[2022.08.25-00.55.30:042][  0]LogConfig: Setting CVar [[r.TranslucencyVolumeBlur:1]]
[2022.08.25-00.55.30:042][  0]LogConfig: Setting CVar [[r.MaterialQualityLevel:1 ; High quality]]
[2022.08.25-00.55.30:042][  0]LogConfig: Setting CVar [[r.AnisotropicMaterials:1]]
[2022.08.25-00.55.30:042][  0]LogConfig: Setting CVar [[r.SSS.Scale:1]]
[2022.08.25-00.55.30:042][  0]LogConfig: Setting CVar [[r.SSS.SampleSet:2]]
[2022.08.25-00.55.30:042][  0]LogConfig: Setting CVar [[r.SSS.Quality:1]]
[2022.08.25-00.55.30:042][  0]LogConfig: Setting CVar [[r.SSS.HalfRes:0]]
[2022.08.25-00.55.30:042][  0]LogConfig: Setting CVar [[r.SSGI.Quality:3]]
[2022.08.25-00.55.30:042][  0]LogConfig: Setting CVar [[r.EmitterSpawnRateScale:1.0]]
[2022.08.25-00.55.30:042][  0]LogConfig: Setting CVar [[r.ParticleLightQuality:2]]
[2022.08.25-00.55.30:042][  0]LogConfig: Setting CVar [[r.SkyAtmosphere.AerialPerspectiveLUT.FastApplyOnOpaque:1 ; Always have FastSkyLUT 1 in this case to avoid wrong sky]]
[2022.08.25-00.55.30:042][  0]LogConfig: Setting CVar [[r.SkyAtmosphere.AerialPerspectiveLUT.SampleCountMaxPerSlice:4]]
[2022.08.25-00.55.30:042][  0]LogConfig: Setting CVar [[r.SkyAtmosphere.AerialPerspectiveLUT.DepthResolution:16.0]]
[2022.08.25-00.55.30:042][  0]LogConfig: Setting CVar [[r.SkyAtmosphere.FastSkyLUT:1]]
[2022.08.25-00.55.30:042][  0]LogConfig: Setting CVar [[r.SkyAtmosphere.FastSkyLUT.SampleCountMin:4.0]]
[2022.08.25-00.55.30:042][  0]LogConfig: Setting CVar [[r.SkyAtmosphere.FastSkyLUT.SampleCountMax:128.0]]
[2022.08.25-00.55.30:042][  0]LogConfig: Setting CVar [[r.SkyAtmosphere.SampleCountMin:4.0]]
[2022.08.25-00.55.30:042][  0]LogConfig: Setting CVar [[r.SkyAtmosphere.SampleCountMax:128.0]]
[2022.08.25-00.55.30:042][  0]LogConfig: Setting CVar [[r.SkyAtmosphere.TransmittanceLUT.UseSmallFormat:0]]
[2022.08.25-00.55.30:042][  0]LogConfig: Setting CVar [[r.SkyAtmosphere.TransmittanceLUT.SampleCount:10.0]]
[2022.08.25-00.55.30:042][  0]LogConfig: Setting CVar [[r.SkyAtmosphere.MultiScatteringLUT.SampleCount:15.0]]
[2022.08.25-00.55.30:042][  0]LogConfig: Setting CVar [[r.SkyLight.RealTimeReflectionCapture:1]]
[2022.08.25-00.55.30:042][  0]LogConfig: Applying CVar settings from Section [FoliageQuality@3] File [C:/ilue/VR_Escape/Saved/Config/Windows/Scalability.ini]
[2022.08.25-00.55.30:042][  0]LogConfig: Setting CVar [[foliage.DensityScale:1.0]]
[2022.08.25-00.55.30:042][  0]LogConfig: Setting CVar [[grass.DensityScale:1.0]]
[2022.08.25-00.55.30:042][  0]LogConfig: Applying CVar settings from Section [ShadingQuality@3] File [C:/ilue/VR_Escape/Saved/Config/Windows/Scalability.ini]
[2022.08.25-00.55.30:042][  0]LogConfig: Setting CVar [[r.HairStrands.SkyLighting.IntegrationType:2]]
[2022.08.25-00.55.30:043][  0]LogConfig: Setting CVar [[r.HairStrands.SkyAO.SampleCount:4]]
[2022.08.25-00.55.30:043][  0]LogConfig: Setting CVar [[r.HairStrands.Visibility.MSAA.SamplePerPixel:4]]
[2022.08.25-00.55.30:044][  0]LogInit: Selected Device Profile: [Windows]
[2022.08.25-00.55.30:044][  0]LogInit: Applying CVar settings loaded from the selected device profile: [Windows]
[2022.08.25-00.55.30:045][  0]LogHAL: Display: Platform has ~ 16 GB [16989282304 / 17179869184 / 16], which maps to Larger [LargestMinGB=32, LargerMinGB=12, DefaultMinGB=8, SmallerMinGB=6, SmallestMinGB=0)
[2022.08.25-00.55.30:045][  0]LogInit: Going up to parent DeviceProfile []
[2022.08.25-00.55.30:046][  0]LogConfig: Applying CVar settings from Section [ViewDistanceQuality@3] File [C:/ilue/VR_Escape/Saved/Config/Windows/Scalability.ini]
[2022.08.25-00.55.30:046][  0]LogConfig: Setting CVar [[r.SkeletalMeshLODBias:0]]
[2022.08.25-00.55.30:046][  0]LogConfig: Setting CVar [[r.ViewDistanceScale:1.0]]
[2022.08.25-00.55.30:046][  0]LogConfig: Applying CVar settings from Section [AntiAliasingQuality@3] File [C:/ilue/VR_Escape/Saved/Config/Windows/Scalability.ini]
[2022.08.25-00.55.30:046][  0]LogConfig: Setting CVar [[r.PostProcessAAQuality:4]]
[2022.08.25-00.55.30:046][  0]LogConfig: Applying CVar settings from Section [ShadowQuality@3] File [C:/ilue/VR_Escape/Saved/Config/Windows/Scalability.ini]
[2022.08.25-00.55.30:046][  0]LogConfig: Setting CVar [[r.LightFunctionQuality:1]]
[2022.08.25-00.55.30:046][  0]LogConfig: Setting CVar [[r.ShadowQuality:5]]
[2022.08.25-00.55.30:046][  0]LogConfig: Setting CVar [[r.Shadow.CSM.MaxCascades:10]]
[2022.08.25-00.55.30:046][  0]LogConfig: Setting CVar [[r.Shadow.MaxResolution:2048]]
[2022.08.25-00.55.30:046][  0]LogConfig: Setting CVar [[r.Shadow.MaxCSMResolution:2048]]
[2022.08.25-00.55.30:046][  0]LogConfig: Setting CVar [[r.Shadow.RadiusThreshold:0.01]]
[2022.08.25-00.55.30:046][  0]LogConfig: Setting CVar [[r.Shadow.DistanceScale:1.0]]
[2022.08.25-00.55.30:046][  0]LogConfig: Setting CVar [[r.Shadow.CSM.TransitionScale:1.0]]
[2022.08.25-00.55.30:046][  0]LogConfig: Setting CVar [[r.Shadow.PreShadowResolutionFactor:1.0]]
[2022.08.25-00.55.30:046][  0]LogConfig: Setting CVar [[r.DistanceFieldShadowing:1]]
[2022.08.25-00.55.30:046][  0]LogConfig: Setting CVar [[r.DistanceFieldAO:1]]
[2022.08.25-00.55.30:046][  0]LogConfig: Setting CVar [[r.AOQuality:2]]
[2022.08.25-00.55.30:046][  0]LogConfig: Setting CVar [[r.VolumetricFog:1]]
[2022.08.25-00.55.30:046][  0]LogConfig: Setting CVar [[r.VolumetricFog.GridPixelSize:8]]
[2022.08.25-00.55.30:046][  0]LogConfig: Setting CVar [[r.VolumetricFog.GridSizeZ:128]]
[2022.08.25-00.55.30:046][  0]LogConfig: Setting CVar [[r.VolumetricFog.HistoryMissSupersampleCount:4]]
[2022.08.25-00.55.30:046][  0]LogConfig: Setting CVar [[r.LightMaxDrawDistanceScale:1]]
[2022.08.25-00.55.30:046][  0]LogConfig: Setting CVar [[r.CapsuleShadows:1]]
[2022.08.25-00.55.30:046][  0]LogConfig: Applying CVar settings from Section [PostProcessQuality@3] File [C:/ilue/VR_Escape/Saved/Config/Windows/Scalability.ini]
[2022.08.25-00.55.30:046][  0]LogConfig: Setting CVar [[r.MotionBlurQuality:4]]
[2022.08.25-00.55.30:046][  0]LogConfig: Setting CVar [[r.AmbientOcclusionMipLevelFactor:0.4]]
[2022.08.25-00.55.30:046][  0]LogConfig: Setting CVar [[r.AmbientOcclusionMaxQuality:100]]
[2022.08.25-00.55.30:046][  0]LogConfig: Setting CVar [[r.AmbientOcclusionLevels:-1]]
[2022.08.25-00.55.30:046][  0]LogConfig: Setting CVar [[r.AmbientOcclusionRadiusScale:1.0]]
[2022.08.25-00.55.30:046][  0]LogConfig: Setting CVar [[r.DepthOfFieldQuality:2]]
[2022.08.25-00.55.30:046][  0]LogConfig: Setting CVar [[r.RenderTargetPoolMin:400]]
[2022.08.25-00.55.30:046][  0]LogConfig: Setting CVar [[r.LensFlareQuality:2]]
[2022.08.25-00.55.30:046][  0]LogConfig: Setting CVar [[r.SceneColorFringeQuality:1]]
[2022.08.25-00.55.30:046][  0]LogConfig: Setting CVar [[r.EyeAdaptationQuality:2]]
[2022.08.25-00.55.30:046][  0]LogConfig: Setting CVar [[r.BloomQuality:5]]
[2022.08.25-00.55.30:046][  0]LogConfig: Setting CVar [[r.FastBlurThreshold:100]]
[2022.08.25-00.55.30:046][  0]LogConfig: Setting CVar [[r.Upscale.Quality:3]]
[2022.08.25-00.55.30:046][  0]LogConfig: Setting CVar [[r.Tonemapper.GrainQuantization:1]]
[2022.08.25-00.55.30:046][  0]LogConfig: Setting CVar [[r.LightShaftQuality:1]]
[2022.08.25-00.55.30:046][  0]LogConfig: Setting CVar [[r.Filter.SizeScale:1]]
[2022.08.25-00.55.30:046][  0]LogConfig: Setting CVar [[r.Tonemapper.Quality:5]]
[2022.08.25-00.55.30:046][  0]LogConfig: Setting CVar [[r.DOF.Gather.AccumulatorQuality:1        ; higher gathering accumulator quality]]
[2022.08.25-00.55.30:046][  0]LogConfig: Setting CVar [[r.DOF.Gather.PostfilterMethod:1          ; Median3x3 postfilering method]]
[2022.08.25-00.55.30:046][  0]LogConfig: Setting CVar [[r.DOF.Gather.EnableBokehSettings:0       ; no bokeh simulation when gathering]]
[2022.08.25-00.55.30:046][  0]LogConfig: Setting CVar [[r.DOF.Gather.RingCount:4                 ; medium number of samples when gathering]]
[2022.08.25-00.55.30:046][  0]LogConfig: Setting CVar [[r.DOF.Scatter.ForegroundCompositing:1    ; additive foreground scattering]]
[2022.08.25-00.55.30:046][  0]LogConfig: Setting CVar [[r.DOF.Scatter.BackgroundCompositing:2    ; additive background scattering]]
[2022.08.25-00.55.30:046][  0]LogConfig: Setting CVar [[r.DOF.Scatter.EnableBokehSettings:1      ; bokeh simulation when scattering]]
[2022.08.25-00.55.30:046][  0]LogConfig: Setting CVar [[r.DOF.Scatter.MaxSpriteRatio:0.1         ; only a maximum of 10% of scattered bokeh]]
[2022.08.25-00.55.30:046][  0]LogConfig: Setting CVar [[r.DOF.Recombine.Quality:1                ; cheap slight out of focus]]
[2022.08.25-00.55.30:046][  0]LogConfig: Setting CVar [[r.DOF.Recombine.EnableBokehSettings:0    ; no bokeh simulation on slight out of focus]]
[2022.08.25-00.55.30:046][  0]LogConfig: Setting CVar [[r.DOF.TemporalAAQuality:1                ; more stable temporal accumulation]]
[2022.08.25-00.55.30:046][  0]LogConfig: Setting CVar [[r.DOF.Kernel.MaxForegroundRadius:0.025]]
[2022.08.25-00.55.30:046][  0]LogConfig: Setting CVar [[r.DOF.Kernel.MaxBackgroundRadius:0.025]]
[2022.08.25-00.55.30:046][  0]LogConfig: Applying CVar settings from Section [TextureQuality@3] File [C:/ilue/VR_Escape/Saved/Config/Windows/Scalability.ini]
[2022.08.25-00.55.30:046][  0]LogConfig: Setting CVar [[r.Streaming.MipBias:0]]
[2022.08.25-00.55.30:046][  0]LogConfig: Setting CVar [[r.Streaming.AmortizeCPUToGPUCopy:0]]
[2022.08.25-00.55.30:046][  0]LogConfig: Setting CVar [[r.Streaming.MaxNumTexturesToStreamPerFrame:0]]
[2022.08.25-00.55.30:046][  0]LogConfig: Setting CVar [[r.Streaming.Boost:1]]
[2022.08.25-00.55.30:046][  0]LogConfig: Setting CVar [[r.MaxAnisotropy:8]]
[2022.08.25-00.55.30:046][  0]LogConfig: Setting CVar [[r.VT.MaxAnisotropy:8]]
[2022.08.25-00.55.30:046][  0]LogConfig: Setting CVar [[r.Streaming.LimitPoolSizeToVRAM:0]]
[2022.08.25-00.55.30:046][  0]LogConfig: Setting CVar [[r.Streaming.PoolSize:1000]]
[2022.08.25-00.55.30:046][  0]LogConfig: Setting CVar [[r.Streaming.MaxEffectiveScreenSize:0]]
[2022.08.25-00.55.30:046][  0]LogConfig: Applying CVar settings from Section [EffectsQuality@3] File [C:/ilue/VR_Escape/Saved/Config/Windows/Scalability.ini]
[2022.08.25-00.55.30:046][  0]LogConfig: Setting CVar [[r.TranslucencyLightingVolumeDim:64]]
[2022.08.25-00.55.30:046][  0]LogConfig: Setting CVar [[r.RefractionQuality:2]]
[2022.08.25-00.55.30:046][  0]LogConfig: Setting CVar [[r.SSR.Quality:3]]
[2022.08.25-00.55.30:046][  0]LogConfig: Setting CVar [[r.SSR.HalfResSceneColor:0]]
[2022.08.25-00.55.30:046][  0]LogConfig: Setting CVar [[r.SceneColorFormat:4]]
[2022.08.25-00.55.30:046][  0]LogConfig: Setting CVar [[r.DetailMode:2]]
[2022.08.25-00.55.30:046][  0]LogConfig: Setting CVar [[r.TranslucencyVolumeBlur:1]]
[2022.08.25-00.55.30:046][  0]LogConfig: Setting CVar [[r.MaterialQualityLevel:1 ; High quality]]
[2022.08.25-00.55.30:046][  0]LogConfig: Setting CVar [[r.AnisotropicMaterials:1]]
[2022.08.25-00.55.30:046][  0]LogConfig: Setting CVar [[r.SSS.Scale:1]]
[2022.08.25-00.55.30:046][  0]LogConfig: Setting CVar [[r.SSS.SampleSet:2]]
[2022.08.25-00.55.30:046][  0]LogConfig: Setting CVar [[r.SSS.Quality:1]]
[2022.08.25-00.55.30:046][  0]LogConfig: Setting CVar [[r.SSS.HalfRes:0]]
[2022.08.25-00.55.30:046][  0]LogConfig: Setting CVar [[r.SSGI.Quality:3]]
[2022.08.25-00.55.30:046][  0]LogConfig: Setting CVar [[r.EmitterSpawnRateScale:1.0]]
[2022.08.25-00.55.30:046][  0]LogConfig: Setting CVar [[r.ParticleLightQuality:2]]
[2022.08.25-00.55.30:046][  0]LogConfig: Setting CVar [[r.SkyAtmosphere.AerialPerspectiveLUT.FastApplyOnOpaque:1 ; Always have FastSkyLUT 1 in this case to avoid wrong sky]]
[2022.08.25-00.55.30:046][  0]LogConfig: Setting CVar [[r.SkyAtmosphere.AerialPerspectiveLUT.SampleCountMaxPerSlice:4]]
[2022.08.25-00.55.30:046][  0]LogConfig: Setting CVar [[r.SkyAtmosphere.AerialPerspectiveLUT.DepthResolution:16.0]]
[2022.08.25-00.55.30:046][  0]LogConfig: Setting CVar [[r.SkyAtmosphere.FastSkyLUT:1]]
[2022.08.25-00.55.30:046][  0]LogConfig: Setting CVar [[r.SkyAtmosphere.FastSkyLUT.SampleCountMin:4.0]]
[2022.08.25-00.55.30:046][  0]LogConfig: Setting CVar [[r.SkyAtmosphere.FastSkyLUT.SampleCountMax:128.0]]
[2022.08.25-00.55.30:046][  0]LogConfig: Setting CVar [[r.SkyAtmosphere.SampleCountMin:4.0]]
[2022.08.25-00.55.30:046][  0]LogConfig: Setting CVar [[r.SkyAtmosphere.SampleCountMax:128.0]]
[2022.08.25-00.55.30:046][  0]LogConfig: Setting CVar [[r.SkyAtmosphere.TransmittanceLUT.UseSmallFormat:0]]
[2022.08.25-00.55.30:046][  0]LogConfig: Setting CVar [[r.SkyAtmosphere.TransmittanceLUT.SampleCount:10.0]]
[2022.08.25-00.55.30:046][  0]LogConfig: Setting CVar [[r.SkyAtmosphere.MultiScatteringLUT.SampleCount:15.0]]
[2022.08.25-00.55.30:046][  0]LogConfig: Setting CVar [[r.SkyLight.RealTimeReflectionCapture:1]]
[2022.08.25-00.55.30:046][  0]LogConfig: Applying CVar settings from Section [FoliageQuality@3] File [C:/ilue/VR_Escape/Saved/Config/Windows/Scalability.ini]
[2022.08.25-00.55.30:046][  0]LogConfig: Setting CVar [[foliage.DensityScale:1.0]]
[2022.08.25-00.55.30:046][  0]LogConfig: Setting CVar [[grass.DensityScale:1.0]]
[2022.08.25-00.55.30:046][  0]LogConfig: Applying CVar settings from Section [ShadingQuality@3] File [C:/ilue/VR_Escape/Saved/Config/Windows/Scalability.ini]
[2022.08.25-00.55.30:046][  0]LogConfig: Setting CVar [[r.HairStrands.SkyLighting.IntegrationType:2]]
[2022.08.25-00.55.30:046][  0]LogConfig: Setting CVar [[r.HairStrands.SkyAO.SampleCount:4]]
[2022.08.25-00.55.30:046][  0]LogConfig: Setting CVar [[r.HairStrands.Visibility.MSAA.SamplePerPixel:4]]
[2022.08.25-00.55.30:046][  0]LogConfig: Applying CVar settings from Section [Startup] File [../../../Engine/Config/ConsoleVariables.ini]
[2022.08.25-00.55.30:047][  0]LogConfig: Setting CVar [[net.UseAdaptiveNetUpdateFrequency:0]]
[2022.08.25-00.55.30:047][  0]LogConfig: Setting CVar [[p.chaos.AllowCreatePhysxBodies:1]]
[2022.08.25-00.55.30:047][  0]LogConfig: Setting CVar [[fx.SkipVectorVMBackendOptimizations:1]]
[2022.08.25-00.55.30:047][  0]LogConfig: Applying CVar settings from Section [ConsoleVariables] File [C:/ilue/VR_Escape/Saved/Config/Windows/Engine.ini]
[2022.08.25-00.55.30:047][  0]LogConfig: Applying CVar settings from Section [ConsoleVariables] File [C:/ilue/VR_Escape/Saved/Config/Windows/Editor.ini]
[2022.08.25-00.55.30:049][  0]LogInit: Computer: DESKTOP-RI3VBHM
[2022.08.25-00.55.30:049][  0]LogInit: User: kangil
[2022.08.25-00.55.30:049][  0]LogInit: CPU Page size=4096, Cores=4
[2022.08.25-00.55.30:049][  0]LogInit: High frequency timer resolution =10.000000 MHz
[2022.08.25-00.55.30:049][  0]LogMemory: Memory total: Physical=15.8GB (16GB approx)
[2022.08.25-00.55.30:049][  0]LogMemory: Platform Memory Stats for Windows
[2022.08.25-00.55.30:049][  0]LogMemory: Process Physical Memory: 144.87 MB used, 148.36 MB peak
[2022.08.25-00.55.30:049][  0]LogMemory: Process Virtual Memory: 128.11 MB used, 128.11 MB peak
[2022.08.25-00.55.30:049][  0]LogMemory: Physical Memory: 4955.55 MB used,  11246.70 MB free, 16202.24 MB total
[2022.08.25-00.55.30:050][  0]LogMemory: Virtual Memory: 134200680.00 MB used,  17050.43 MB free, 134217728.00 MB total
[2022.08.25-00.55.30:055][  0]LogWindows: WindowsPlatformFeatures enabled
[2022.08.25-00.55.30:377][  0]LogInit: Physics initialised using underlying interface: PhysX
[2022.08.25-00.55.30:380][  0]LogInit: Using OS detected language (ko-KR).
[2022.08.25-00.55.30:380][  0]LogInit: Using OS detected locale (ko-KR).
[2022.08.25-00.55.30:409][  0]LogTextLocalizationManager: No specific localization for 'ko-KR' exists, so the 'ko' localization will be used.
[2022.08.25-00.55.30:585][  0]LogInit: Setting process to per monitor DPI aware
[2022.08.25-00.55.30:614][  0]LogWindowsTextInputMethodSystem: Display: IME system deactivated.
[2022.08.25-00.55.30:696][  0]LogSlate: New Slate User Created.  User Index 0, Is Virtual User: 0
[2022.08.25-00.55.30:697][  0]LogSlate: Slate User Registered.  User Index 0, Is Virtual User: 0
[2022.08.25-00.55.32:595][  0]LogD3D11RHI: Loaded GFSDK_Aftermath_Lib.x64.dll
[2022.08.25-00.55.32:608][  0]LogHMD: Failed to initialize OpenVR with code 110
[2022.08.25-00.55.32:608][  0]LogD3D11RHI: D3D11 min allowed feature level: 11_0
[2022.08.25-00.55.32:608][  0]LogD3D11RHI: D3D11 max allowed feature level: 11_0
[2022.08.25-00.55.32:608][  0]LogD3D11RHI: D3D11 adapters:
[2022.08.25-00.55.32:689][  0]LogD3D11RHI:    0. 'NVIDIA GeForce GTX 1650 with Max-Q Design' (Feature Level 11_0)
[2022.08.25-00.55.32:689][  0]LogD3D11RHI:       3962/0/8101 MB DedicatedVideo/DedicatedSystem/SharedSystem, Outputs:1, VendorId:0x10de
[2022.08.25-00.55.32:701][  0]LogD3D11RHI:    1. 'Intel(R) UHD Graphics' (Feature Level 11_0)
[2022.08.25-00.55.32:701][  0]LogD3D11RHI:       128/0/8101 MB DedicatedVideo/DedicatedSystem/SharedSystem, Outputs:0, VendorId:0x8086
[2022.08.25-00.55.32:703][  0]LogD3D11RHI:    2. 'Microsoft Basic Render Driver' (Feature Level 11_0)
[2022.08.25-00.55.32:703][  0]LogD3D11RHI:       0/0/8101 MB DedicatedVideo/DedicatedSystem/SharedSystem, Outputs:0, VendorId:0x1414
[2022.08.25-00.55.32:703][  0]LogD3D11RHI: Chosen D3D11 Adapter:
[2022.08.25-00.55.32:703][  0]LogD3D11RHI:     Description : NVIDIA GeForce GTX 1650 with Max-Q Design
[2022.08.25-00.55.32:703][  0]LogD3D11RHI:     VendorId    : 10de
[2022.08.25-00.55.32:703][  0]LogD3D11RHI:     DeviceId    : 1f9d
[2022.08.25-00.55.32:703][  0]LogD3D11RHI:     SubSysId    : 12f41462
[2022.08.25-00.55.32:703][  0]LogD3D11RHI:     Revision    : 00a1
[2022.08.25-00.55.32:703][  0]LogD3D11RHI:     DedicatedVideoMemory : 4154458112 bytes
[2022.08.25-00.55.32:703][  0]LogD3D11RHI:     DedicatedSystemMemory : 0 bytes
[2022.08.25-00.55.32:703][  0]LogD3D11RHI:     SharedSystemMemory : 8494641152 bytes
[2022.08.25-00.55.32:703][  0]LogD3D11RHI:     AdapterLuid : 0 59156
[2022.08.25-00.55.32:706][  0]LogD3D11RHI: Creating new Direct3DDevice
[2022.08.25-00.55.32:706][  0]LogD3D11RHI:     GPU DeviceId: 0x1f9d (for the marketing name, search the web for "GPU Device Id")
[2022.08.25-00.55.32:706][  0]LogWindows: EnumDisplayDevices:
[2022.08.25-00.55.32:706][  0]LogWindows:    0. 'Intel(R) UHD Graphics' (P:1 D:1)
[2022.08.25-00.55.32:707][  0]LogWindows:    1. 'Intel(R) UHD Graphics' (P:0 D:0)
[2022.08.25-00.55.32:707][  0]LogWindows:    2. 'Intel(R) UHD Graphics' (P:0 D:0)
[2022.08.25-00.55.32:707][  0]LogWindows: DebugString: PrimaryIsNotTheChoosenAdapter PrimaryIsNotTheChoosenAdapter PrimaryIsNotTheChoosenAdapter FoundDriverCount:0 
[2022.08.25-00.55.32:707][  0]LogD3D11RHI:     Adapter Name: NVIDIA GeForce GTX 1650 with Max-Q Design
[2022.08.25-00.55.32:707][  0]LogD3D11RHI:   Driver Version: Unknown (internal:Unknown, unified:Unknown)
[2022.08.25-00.55.32:707][  0]LogD3D11RHI:      Driver Date: Unknown
[2022.08.25-00.55.32:707][  0]LogRHI: Texture pool is 2773 MB (70% of 3962 MB)
[2022.08.25-00.55.32:707][  0]LogD3D11RHI: Creating D3DDevice using adapter:
[2022.08.25-00.55.32:707][  0]LogD3D11RHI:     Description : NVIDIA GeForce GTX 1650 with Max-Q Design
[2022.08.25-00.55.32:707][  0]LogD3D11RHI:     VendorId    : 10de
[2022.08.25-00.55.32:707][  0]LogD3D11RHI:     DeviceId    : 1f9d
[2022.08.25-00.55.32:707][  0]LogD3D11RHI:     SubSysId    : 12f41462
[2022.08.25-00.55.32:707][  0]LogD3D11RHI:     Revision    : 00a1
[2022.08.25-00.55.32:707][  0]LogD3D11RHI:     DedicatedVideoMemory : 4154458112 bytes
[2022.08.25-00.55.32:707][  0]LogD3D11RHI:     DedicatedSystemMemory : 0 bytes
[2022.08.25-00.55.32:707][  0]LogD3D11RHI:     SharedSystemMemory : 8494641152 bytes
[2022.08.25-00.55.32:707][  0]LogD3D11RHI:     AdapterLuid : 0 59156
[2022.08.25-00.55.32:754][  0]LogD3D11RHI: RHI has support for 64 bit atomics
[2022.08.25-00.55.32:754][  0]LogD3D11RHI: Async texture creation enabled
[2022.08.25-00.55.32:754][  0]LogD3D11RHI: Array index from any shader is supported
[2022.08.25-00.55.32:797][  0]LogD3D11RHI: GPU Timing Frequency: 1000.000000 (Debug: 2 1)
[2022.08.25-00.55.32:894][  0]LogRHI: GeForceNow SDK initialized: 1
[2022.08.25-00.55.33:414][  0]LogTargetPlatformManager: Display: Loaded TargetPlatform 'AllDesktop'
[2022.08.25-00.55.33:450][  0]LogTargetPlatformManager: Display: Loaded TargetPlatform 'Android'
[2022.08.25-00.55.33:450][  0]LogTargetPlatformManager: Display: Loaded TargetPlatform 'Android_ASTC'
[2022.08.25-00.55.33:450][  0]LogTargetPlatformManager: Display: Loaded TargetPlatform 'Android_DXT'
[2022.08.25-00.55.33:451][  0]LogTargetPlatformManager: Display: Loaded TargetPlatform 'Android_ETC2'
[2022.08.25-00.55.33:451][  0]LogTargetPlatformManager: Display: Loaded TargetPlatform 'AndroidClient'
[2022.08.25-00.55.33:451][  0]LogTargetPlatformManager: Display: Loaded TargetPlatform 'Android_ASTCClient'
[2022.08.25-00.55.33:451][  0]LogTargetPlatformManager: Display: Loaded TargetPlatform 'Android_DXTClient'
[2022.08.25-00.55.33:451][  0]LogTargetPlatformManager: Display: Loaded TargetPlatform 'Android_ETC2Client'
[2022.08.25-00.55.33:451][  0]LogTargetPlatformManager: Display: Loaded TargetPlatform 'Android_Multi'
[2022.08.25-00.55.33:451][  0]LogTargetPlatformManager: Display: Loaded TargetPlatform 'Android_MultiClient'
[2022.08.25-00.55.33:508][  0]LogTargetPlatformManager: Display: Loaded TargetPlatform 'IOSClient'
[2022.08.25-00.55.33:508][  0]LogTargetPlatformManager: Display: Loaded TargetPlatform 'IOS'
[2022.08.25-00.55.33:533][  0]LogTargetPlatformManager: Display: Loaded TargetPlatform 'Linux'
[2022.08.25-00.55.33:550][  0]LogTargetPlatformManager: Display: Loaded TargetPlatform 'LinuxNoEditor'
[2022.08.25-00.55.33:567][  0]LogTargetPlatformManager: Display: Loaded TargetPlatform 'LinuxClient'
[2022.08.25-00.55.33:584][  0]LogTargetPlatformManager: Display: Loaded TargetPlatform 'LinuxServer'
[2022.08.25-00.55.33:607][  0]LogTargetPlatformManager: Display: Loaded TargetPlatform 'LinuxAArch64NoEditor'
[2022.08.25-00.55.33:624][  0]LogTargetPlatformManager: Display: Loaded TargetPlatform 'LinuxAArch64Client'
[2022.08.25-00.55.33:640][  0]LogTargetPlatformManager: Display: Loaded TargetPlatform 'LinuxAArch64Server'
[2022.08.25-00.55.33:677][  0]LogTargetPlatformManager: Display: Loaded TargetPlatform 'Lumin'
[2022.08.25-00.55.33:677][  0]LogTargetPlatformManager: Display: Loaded TargetPlatform 'LuminClient'
[2022.08.25-00.55.33:697][  0]LogTargetPlatformManager: Display: Loaded TargetPlatform 'MacNoEditor'
[2022.08.25-00.55.33:712][  0]LogTargetPlatformManager: Display: Loaded TargetPlatform 'Mac'
[2022.08.25-00.55.33:728][  0]LogTargetPlatformManager: Display: Loaded TargetPlatform 'MacClient'
[2022.08.25-00.55.33:744][  0]LogTargetPlatformManager: Display: Loaded TargetPlatform 'MacServer'
[2022.08.25-00.55.33:765][  0]LogTargetPlatformManager: Display: Loaded TargetPlatform 'TVOSClient'
[2022.08.25-00.55.33:765][  0]LogTargetPlatformManager: Display: Loaded TargetPlatform 'TVOS'
[2022.08.25-00.55.33:788][  0]LogTargetPlatformManager: Display: Loaded TargetPlatform 'WindowsNoEditor'
[2022.08.25-00.55.33:804][  0]LogTargetPlatformManager: Display: Loaded TargetPlatform 'Windows'
[2022.08.25-00.55.33:821][  0]LogTargetPlatformManager: Display: Loaded TargetPlatform 'WindowsClient'
[2022.08.25-00.55.33:838][  0]LogTargetPlatformManager: Display: Loaded TargetPlatform 'WindowsServer'
[2022.08.25-00.55.33:838][  0]LogTargetPlatformManager: Display: Building Assets For Windows
[2022.08.25-00.55.33:900][  0]LogAudioDebug: Display: Lib vorbis DLL was dynamically loaded.
[2022.08.25-00.55.34:085][  0]LogTextureFormatOodle: Display: Oodle Texture 2.9.0 init RDO Off
[2022.08.25-00.55.34:355][  0]LogRendererCore: Ray tracing is disabled. Reason: r.RayTracing=0.
[2022.08.25-00.55.34:357][  0]LogShaderCompilers: Guid format shader working directory is 15 characters bigger than the processId version (../../../../../../ilue/VR_Escape/Intermediate/Shaders/WorkingDirectory/12140/).
[2022.08.25-00.55.34:357][  0]LogShaderCompilers: Cleaned the shader compiler working directory 'C:/Users/kang il/AppData/Local/Temp/UnrealShaderWorkingDir/DEC57D76460ADBEC37B9EF8D63DFBA4E/'.
[2022.08.25-00.55.34:358][  0]LogXGEController: Cleaning working directory: C:/Users/kang il/AppData/Local/Temp/UnrealXGEWorkingDir/
[2022.08.25-00.55.34:359][  0]LogShaderCompilers: Display: Using XGE Controller for Shader Compilation.
[2022.08.25-00.55.36:868][  0]LogDerivedDataCache: Display: Max Cache Size: 512 MB
[2022.08.25-00.55.36:987][  0]LogDerivedDataCache: Loaded boot cache 0.12s 110MB C:/Users/kang il/AppData/Local/UnrealEngine/4.27/DerivedDataCache/Boot.ddc.
[2022.08.25-00.55.36:987][  0]LogDerivedDataCache: Display: Loaded Boot cache: C:/Users/kang il/AppData/Local/UnrealEngine/4.27/DerivedDataCache/Boot.ddc
[2022.08.25-00.55.36:987][  0]LogDerivedDataCache: FDerivedDataBackendGraph:  Pak pak cache file ../../../../../../ilue/VR_Escape/DerivedDataCache/DDC.ddp not found, will not use a pak cache.
[2022.08.25-00.55.36:987][  0]LogDerivedDataCache: Unable to find inner node Pak for hierarchical cache Hierarchy.
[2022.08.25-00.55.36:987][  0]LogDerivedDataCache: FDerivedDataBackendGraph:  CompressedPak pak cache file ../../../../../../ilue/VR_Escape/DerivedDataCache/Compressed.ddp not found, will not use a pak cache.
[2022.08.25-00.55.36:987][  0]LogDerivedDataCache: Unable to find inner node CompressedPak for hierarchical cache Hierarchy.
[2022.08.25-00.55.37:010][  0]LogDerivedDataCache: Display: Pak cache opened for reading ../../../Engine/DerivedDataCache/Compressed.ddp.
[2022.08.25-00.55.37:010][  0]LogDerivedDataCache: FDerivedDataBackendGraph:  EnterprisePak pak cache file ../../../Enterprise/DerivedDataCache/Compressed.ddp not found, will not use a pak cache.
[2022.08.25-00.55.37:010][  0]LogDerivedDataCache: Unable to find inner node EnterprisePak for hierarchical cache Hierarchy.
[2022.08.25-00.55.37:030][  0]LogDerivedDataCache: Speed tests for C:/Users/kang il/AppData/Local/UnrealEngine/Common/DerivedDataCache took 0.02 seconds
[2022.08.25-00.55.37:030][  0]LogDerivedDataCache: Display: Performance to C:/Users/kang il/AppData/Local/UnrealEngine/Common/DerivedDataCache: Latency=0.43ms. RandomReadSpeed=86.55MBs, RandomWriteSpeed=253.69MBs. Assigned SpeedClass 'Local'
[2022.08.25-00.55.37:030][  0]LogDerivedDataCache: Using Local data cache path C:/Users/kang il/AppData/Local/UnrealEngine/Common/DerivedDataCache: Writable
[2022.08.25-00.55.37:030][  0]LogDerivedDataCache: Shared data cache path not found in *engine.ini, will not use an Shared cache.
[2022.08.25-00.55.37:030][  0]LogDerivedDataCache: Unable to find inner node Shared for hierarchical cache Hierarchy.
[2022.08.25-00.55.37:078][  0]LogSlate: Using FreeType 2.10.0
[2022.08.25-00.55.37:085][  0]LogSlate: SlateFontServices - WITH_FREETYPE: 1, WITH_HARFBUZZ: 1
[2022.08.25-00.55.37:136][  0]LogAssetRegistry: FAssetRegistry took 0.0068 seconds to start up
[2022.08.25-00.55.37:570][  0]LogInit: Selected Device Profile: [Windows]
[2022.08.25-00.55.37:570][  0]LogInit: Active device profile: [000002C249C3EE00][000002C247DFAA80 49] Windows
[2022.08.25-00.55.37:570][  0]LogInit: Profiles: [000002C249C3EE00][000002C247DFAA80 49] Windows, [000002C249BF9400][000002C249FCEC00 49] WindowsNoEditor, [000002C249C3D400][000002C249FD2D80 49] WindowsServer, [000002C249BFA800][000002C249FD6F00 49] WindowsClient, [000002C249C3E700][000002C249FDB080 49] IOS, [000002C249BF9B00][000002C249FDF200 49] iPadAir, [000002C249C3DA00][000002C249FE3380 49] iPadAir2, [000002C249BAB900][000002C249FEB640 49] IPadPro, [000002C249BABA00][000002C249FE7680 49] iPadAir3, [000002C249C3EF00][000002C249FEF800 49] iPadAir4, [000002C249BA9900][000002C249FF3980 49] iPadMini2, [000002C249C3D300][000002C249FF7B00 49] iPadMini3, [000002C249BA8B00][000002C249FFA100 49] iPadMini4, [000002C249C3C900][000002C249FFE280 49] iPadMini5, [000002C249BE7200][000002C24A006540 49] iPhone6, [000002C249BE7300][000002C24A002580 49] iPodTouch6, [000002C249BA8700][000002C247DF6800 49] iPhone7, [000002C249BA8600][000002C24A00A840 49] iPodTouch7, [000002C249BE5800][000002C24A00E980 49] iPhone5S, [000002C249BAB000][000002C24A012AC0 49] iPhone6Plus, [000002C249BE7400][000002C24A01AC40 49] iPhone6S, [000002C249BABD00][000002C24A01EDC0 49] iPhone6SPlus, [000002C249BE7F00][000002C24A022F40 49] iPhone7Plus, [000002C249BA9E00][000002C24A0270C0 49] iPhoneSE, [000002C249BE6700][000002C24A02B240 49] iPhone8, [000002C249BA9D00][000002C24A02F3C0 49] iPhone8Plus, [000002C249BE5B00][000002C24A033540 49] iPhoneX, [000002C249BA9F00][000002C24A0376C0 49] iPhoneXS, [000002C249BE6000][000002C24A03B840 49] iPhoneXSMax, [000002C249BA9700][000002C24A03F9C0 49] iPhoneXR, [000002C249BE4D00][000002C24A043B40 49] iPhone11, [000002C249BA8400][000002C24A046140 49] iPhone11Pro, [000002C249BE4400][000002C24A04A2C0 49] iPhone11ProMax, [000002C249BA9300][000002C24A04E440 49] iPhoneSE2, [000002C249BE6800][000002C24A0525C0 49] iPhone12Mini, [000002C249BA9C00][000002C24A056740 49] iPhone12, [000002C249BE4300][000002C24A05A8C0 49] iPhone12Pro, [000002C249BAAD00][000002C24A016A00 49] iPhone12ProMax, [000002C249BE7C00][000002C24A05EB40 49] iPadPro105, [000002C249BA9B00][000002C24A062C80 49] iPadPro129, [000002C249BE4A00][000002C24A066DC0 49] iPadPro97, [000002C249BABE00][000002C24A06EF40 49] iPadPro2_129, [000002C249BE7E00][000002C24A0730C0 49] iPad5, [000002C249BA8800][000002C24A077240 49] iPad6, [000002C249BE5500][000002C24A07B3C0 49] iPad7, [000002C249BA9500][000002C24A07F540 49] iPad8, [000002C249BE7100][000002C24A0836C0 49] iPadPro11, [000002C249BA9100][000002C24A087840 49] iPadPro2_11, [000002C249BE7D00][000002C24A08B9C0 49] iPadPro3_129, [000002C249BAB300][000002C24A08FB40 49] iPadPro4_129, [000002C249BE6C00][000002C24A092140 49] AppleTV, [000002C249BAA700][000002C24A0962C0 49] AppleTV4K, [000002C249BFBE00][000002C24A09A440 49] TVOS, [000002C249C8CA00][000002C24A09E5C0 49] Mac, [000002C249BFAE00][000002C24A0A2740 49] MacClient, [000002C249C8D800][000002C24A0A68C0 49] MacNoEditor, [000002C249BF8600][000002C24A0AAA40 49] MacServer, [000002C249C8D200][000002C24A06AB80 49] Linux, [000002C249BFB200][000002C24A0AECC0 49] LinuxAArch64, [000002C249C8CC00][000002C24A0B2E00 49] LinuxNoEditor, [000002C249BF8700][000002C24A0B6F40 49] LinuxAArch64NoEditor, [000002C249C8D700][000002C24A0BF0C0 49] LinuxClient, [000002C249BFB600][000002C24A0C3240 49] LinuxAArch64Client, [000002C249C8D500][000002C24A0C73C0 49] LinuxServer, [000002C249BF8200][000002C24A0CB540 49] LinuxAArch64Server, [000002C249C8CF00][000002C24A0CF6C0 49] Android, [000002C249BFB300][000002C24A0D3840 49] Android_Low, [000002C249C8C400][000002C24A0D79C0 49] Android_Mid, [000002C249BFBC00][000002C24A0DBB40 49] Android_High, [000002C249C8D900][000002C24A0DE140 49] Android_Default, [000002C249BFA300][000002C24A0E22C0 49] Android_Adreno4xx, [000002C249C8C100][000002C24A0E6440 49] Android_Adreno5xx_Low, [000002C249BFBF00][000002C24A0EA5C0 49] Android_Adreno5xx, [000002C249C8D400][000002C24A0EE740 49] Android_Adreno6xx, [000002C249BA8500][000002C24A0F28C0 49] Android_Adreno6xx_Vulkan, [000002C249BE6B00][000002C24A0F6A40 49] Android_Mali_T6xx, [000002C249BA9200][000002C24A0FABC0 49] Android_Mali_T7xx, [000002C249BE7B00][000002C24A0FED40 49] Android_Mali_T8xx, [000002C249BA8E00][000002C24A0BAE80 49] Android_Mali_G71, [000002C249BE7800][000002C24A102FC0 49] Android_Mali_G72, [000002C249BA9800][000002C24A107100 49] Android_Mali_G72_Vulkan, [000002C249BE6D00][000002C24A10F280 49] Android_Mali_G76, [000002C249BA9600][000002C24A113400 49] Android_Mali_G76_Vulkan, [000002C249BE5000][000002C24A117580 49] Android_Mali_G77, [000002C249BA8300][000002C24A11B700 49] Android_Mali_G77_Vulkan, [000002C249BE6E00][000002C24A11F880 49] Android_Mali_G78, [000002C249BAAF00][000002C24A123A00 49] Android_Mali_G78_Vulkan, [000002C249BE5900][000002C24A127B80 49] Android_Mali_G710, [000002C249BAB600][000002C24A12A180 49] Android_Mali_G710_Vulkan, [000002C249BE5C00][000002C24A12E300 49] Android_Vulkan_SM5, [000002C249BA8D00][000002C24A132480 49] Android_PowerVR_G6xxx, [000002C249BE6F00][000002C24A136600 49] Android_PowerVR_GT7xxx, [000002C249BA8900][000002C24A13A780 49] Android_PowerVR_GE8xxx, [000002C249BE4100][000002C24A13E900 49] Android_PowerVR_GM9xxx, [000002C249BAA600][000002C24A142A80 49] Android_PowerVR_GM9xxx_Vulkan, [000002C249BE5400][000002C24A146C00 49] Android_TegraK1, [000002C249BAA800][000002C24A14AD80 49] Android_Unknown_Vulkan, [000002C249BE5D00][000002C24A14EF00 49] Lumin, [000002C249BAAC00][000002C24A10B040 49] Lumin_Desktop, [000002C249C3DE00][000002C24A153180 49] HoloLens, 
[2022.08.25-00.55.38:123][  0]LogMeshReduction: Using QuadricMeshReduction for automatic static mesh reduction
[2022.08.25-00.55.38:123][  0]LogMeshReduction: Using SimplygonMeshReduction for automatic skeletal mesh reduction
[2022.08.25-00.55.38:123][  0]LogMeshReduction: Using ProxyLODMeshReduction for automatic mesh merging
[2022.08.25-00.55.38:123][  0]LogMeshReduction: No distributed automatic mesh merging module available
[2022.08.25-00.55.38:124][  0]LogMeshMerging: No distributed automatic mesh merging module available
[2022.08.25-00.55.38:188][  0]LogNetVersion: BigOffice 1.0.0, NetCL: 17155196, EngineNetVer: 17, GameNetVer: 0 (Checksum: 933012797)
[2022.08.25-00.55.39:013][  0]LogTexture: Default maximum texture size for cubemaps generated from long-lat sources has been changed from 512 to unlimited. In order to preserve old behaiour for '/Engine/MapTemplates/Sky/DaylightAmbientCubemap.DaylightAmbientCubemap', its maximum texture size has been explicitly set to 512.
[2022.08.25-00.55.39:112][  0]LogHMD: PokeAHoleMaterial loaded successfully
[2022.08.25-00.55.39:122][  0]LogUObjectArray: 17179 objects as part of root set at end of initial load.
[2022.08.25-00.55.39:122][  0]LogUObjectAllocator: 4302256 out of 0 bytes used by permanent object pool.
[2022.08.25-00.55.39:122][  0]LogUObjectArray: CloseDisregardForGC: 0/0 objects in disregard for GC pool
[2022.08.25-00.55.40:703][  0]LogNiagaraDebuggerClient: Niagara Debugger Client Initialized | Session: A28BB25D417F09B2F1A165B66B7ED9B9 | Instance: A6434F174CD362A2B34872AD7432A09D (DESKTOP-RI3VBHM-12140).
[2022.08.25-00.55.41:514][  0]LogPython: Using Python 3.7.7
[2022.08.25-00.55.42:437][  0]LogTcpMessaging: Initializing TcpMessaging bridge
[2022.08.25-00.55.42:459][  0]LogUdpMessaging: Initializing bridge on interface 0.0.0.0:0 to multicast group 230.0.0.1:6666.
[2022.08.25-00.55.44:393][  0]LogOpenImageDenoise: OIDN starting up
[2022.08.25-00.55.44:536][  0]LogAndroidPermission: UAndroidPermissionCallbackProxy::GetInstance
[2022.08.25-00.55.44:636][  0]LogAudioCaptureCore: Display: No Audio Capture implementations found. Audio input will be silent.
[2022.08.25-00.55.44:636][  0]LogAudioCaptureCore: Display: No Audio Capture implementations found. Audio input will be silent.
[2022.08.25-00.55.44:938][  0]SourceControl: 소스 컨트롤이 꺼졌습니다.
[2022.08.25-00.55.44:938][  0]SourceControl: 소스 컨트롤이 꺼졌습니다.
[2022.08.25-00.55.44:967][  0]SourceControl: 소스 컨트롤이 꺼졌습니다.
[2022.08.25-00.55.44:987][  0]SourceControl: 소스 컨트롤이 꺼졌습니다.
[2022.08.25-00.55.45:030][  0]SourceControl: 소스 컨트롤이 꺼졌습니다.
[2022.08.25-00.55.45:060][  0]LogUProjectInfo: Found projects:
[2022.08.25-00.55.45:149][  0]LogTexture: Default maximum texture size for cubemaps generated from long-lat sources has been changed from 512 to unlimited. In order to preserve old behaiour for '/Engine/EditorMaterials/AssetViewer/EpicQuadPanorama_CC+EV1.EpicQuadPanorama_CC+EV1', its maximum texture size has been explicitly set to 512.
[2022.08.25-00.55.45:400][  0]LogCollectionManager: Loaded 0 collections in 0.003002 seconds
[2022.08.25-00.55.45:488][  0]LogFileCache: Scanning file cache for directory 'C:/ilue/VR_Escape/Saved/Collections/' took 0.00s
[2022.08.25-00.55.45:488][  0]LogFileCache: Scanning file cache for directory 'C:/ilue/VR_Escape/Content/Developers/kangil/Collections/' took 0.00s
[2022.08.25-00.55.45:488][  0]LogFileCache: Scanning file cache for directory 'C:/ilue/VR_Escape/Content/Collections/' took 0.00s
[2022.08.25-00.55.45:488][  0]LogOcInput: OculusInput pre-init called
[2022.08.25-00.55.45:841][  0]LogEngine: Initializing Engine...
[2022.08.25-00.55.45:945][  0]LogHMD: Optional extension XR_VARJO_quad_views is not available
[2022.08.25-00.55.45:946][  0]LogHMD: Warning: Required extension XR_EXT_eye_gaze_interaction is not available
[2022.08.25-00.55.45:946][  0]LogHMD: Could not enable all required OpenXR extensions for OpenXREyeTracker on current system. This plugin will be loaded but ignored, but will be enabled on a target platform that supports the required extension.
[2022.08.25-00.55.45:948][  0]LogHMD: Failed to get an OpenXR system, result is XR_ERROR_FORM_FACTOR_UNAVAILABLE. Please check that your runtime supports VR headsets.
[2022.08.25-00.55.45:948][  0]LogHMD: Failed to initialize OpenVR with code 110
[2022.08.25-00.55.45:949][  0]LogMagicLeap: Warning: VR disabled because ZI is not enabled.  To enable, in the editor, Edit -> Project Settings -> Plugins -> Magic Leap Plugin -> Enable Zero Iteration
[2022.08.25-00.55.45:953][  0]LogStats: UGameplayTagsManager::InitializeManager -  0.001 s
[2022.08.25-00.55.46:046][  0]LogInit: Initializing FReadOnlyCVARCache
[2022.08.25-00.55.46:107][  0]LogAIModule: Creating AISystem for world Untitled
[2022.08.25-00.55.46:113][  0]LogAudio: Display: Initializing Audio Device Manager...
[2022.08.25-00.55.46:129][  0]LogAudio: Display: Loading Default Audio Settings Objects...
[2022.08.25-00.55.46:129][  0]LogAudio: Display: No default SoundConcurrencyObject specified (or failed to load).
[2022.08.25-00.55.46:131][  0]LogAudio: Display: Audio Device Manager Initialized
[2022.08.25-00.55.46:131][  0]LogAudio: Display: Creating Audio Device:                 Id: 1, Scope: Shared, Realtime: True
[2022.08.25-00.55.46:131][  0]LogAudioMixer: Display: Audio Mixer Platform Settings:
[2022.08.25-00.55.46:131][  0]LogAudioMixer: Display: 	Sample Rate:						  48000
[2022.08.25-00.55.46:131][  0]LogAudioMixer: Display: 	Callback Buffer Frame Size Requested: 1024
[2022.08.25-00.55.46:131][  0]LogAudioMixer: Display: 	Callback Buffer Frame Size To Use:	  1024
[2022.08.25-00.55.46:131][  0]LogAudioMixer: Display: 	Number of buffers to queue:			  2
[2022.08.25-00.55.46:131][  0]LogAudioMixer: Display: 	Max Channels (voices):				  32
[2022.08.25-00.55.46:131][  0]LogAudioMixer: Display: 	Number of Async Source Workers:		  0
[2022.08.25-00.55.46:131][  0]LogAudio: Display: AudioDevice MaxSources: 32
[2022.08.25-00.55.46:133][  0]LogAudio: Display: Audio Spatialization Plugin: None (built-in).
[2022.08.25-00.55.46:133][  0]LogAudio: Display: Audio Reverb Plugin: None (built-in).
[2022.08.25-00.55.46:133][  0]LogAudio: Display: Audio Occlusion Plugin: None (built-in).
[2022.08.25-00.55.46:133][  0]LogAudioMixer: Display: Initializing audio mixer.
[2022.08.25-00.55.46:181][  0]LogAudioMixer: Display: 0: FrontLeft
[2022.08.25-00.55.46:181][  0]LogAudioMixer: Display: 1: FrontRight
[2022.08.25-00.55.47:194][  0]LogAudioMixer: Display: Using Audio Device 헤드폰(Oculus Virtual Audio Device)
[2022.08.25-00.55.47:196][  0]LogAudioMixer: Display: Initializing Sound Submixes...
[2022.08.25-00.55.47:198][  0]LogAudioMixer: Display: Creating Master Submix 'MasterSubmixDefault'
[2022.08.25-00.55.47:198][  0]LogAudioMixer: Display: Creating Master Submix 'MasterReverbSubmixDefault'
[2022.08.25-00.55.47:200][  0]LogAudioMixer: Display: Creating Master Submix 'MasterEQSubmixDefault'
[2022.08.25-00.55.47:201][  0]LogAudioMixer: FMixerPlatformXAudio2::StartAudioStream() called
[2022.08.25-00.55.47:201][  0]LogAudioMixer: Display: Output buffers initialized: Frames=1024, Channels=2, Samples=2048
[2022.08.25-00.55.47:202][  0]LogAudioMixer: Display: Starting AudioMixerPlatformInterface::RunInternal()
[2022.08.25-00.55.47:202][  0]LogAudioMixer: Display: FMixerPlatformXAudio2::SubmitBuffer() called for the first time
[2022.08.25-00.55.47:202][  0]LogInit: FAudioDevice initialized.
[2022.08.25-00.55.47:203][  0]LogAudio: Display: Audio Device (ID: 1) registered with world 'Untitled'.
[2022.08.25-00.55.47:203][  0]LogNetVersion: Set ProjectVersion to 1.0.0.0. Version Checksum will be recalculated on next use.
[2022.08.25-00.55.47:248][  0]LogDerivedDataCache: Saved boot cache 0.05s 110MB C:/Users/kang il/AppData/Local/UnrealEngine/4.27/DerivedDataCache/Boot.ddc.
[2022.08.25-00.55.47:250][  0]LogInit: Texture streaming: Enabled
[2022.08.25-00.55.47:302][  0]LogAnalytics: Display: [UEEditor.Rocket.Release] APIServer = https://datarouter.ol.epicgames.com/. AppVersion = 4.27.2-18319896+++UE4+Release-4.27
[2022.08.25-00.55.47:318][  0]LogEngineSessionManager: EngineSessionManager initialized
[2022.08.25-00.55.47:318][  0]LogEditorSessionSummary: Verbose: Initializing EditorSessionSummaryWriter for editor session tracking
[2022.08.25-00.55.47:319][  0]LogEditorSessionSummary: EditorSessionSummaryWriter initialized
[2022.08.25-00.55.47:384][  0]LogInit: Transaction tracking system initialized
[2022.08.25-00.55.47:508][  0]BlueprintLog: New page: 에디터 로드
[2022.08.25-00.55.47:849][  0]LocalizationService: 현지화 서비스가 비활성화되었습니다.
[2022.08.25-00.55.48:018][  0]TimingProfiler: Initialize
[2022.08.25-00.55.48:020][  0]TimingProfiler: OnSessionChanged
[2022.08.25-00.55.48:021][  0]LoadingProfiler: Initialize
[2022.08.25-00.55.48:021][  0]LoadingProfiler: OnSessionChanged
[2022.08.25-00.55.48:021][  0]NetworkingProfiler: Initialize
[2022.08.25-00.55.48:022][  0]NetworkingProfiler: OnSessionChanged
[2022.08.25-00.55.48:022][  0]MemoryProfiler: Initialize
[2022.08.25-00.55.48:022][  0]MemoryProfiler: OnSessionChanged
[2022.08.25-00.55.48:040][  0]LogClass: Warning: In asset 'None', there is an enum property of type 'EIOSVersion' with an invalid value of 'IOS_9'
[2022.08.25-00.55.48:040][  0]LogObj: Error: LoadConfig (/Script/IOSRuntimeSettings.Default__IOSRuntimeSettings): import failed for MinimumiOSVersion in: IOS_9
[2022.08.25-00.55.48:361][  0]LogCook: Display: CookSettings for Memory: MemoryMaxUsedVirtual 0MiB, MemoryMaxUsedPhysical 16384MiB, MemoryMinFreeVirtual 0MiB, MemoryMinFreePhysical 1024MiB
[2022.08.25-00.55.48:361][  0]LogCook: Display: Mobile HDR setting 1
[2022.08.25-00.55.48:393][  0]LogFileCache: Scanning file cache for directory 'C:/ilue/VR_Escape/Content/' took 0.01s
[2022.08.25-00.55.49:340][  0]LogInit: Display: Engine is initialized. Leaving FEngineLoop::Init()
[2022.08.25-00.55.49:346][  0]SourceControl: 소스 컨트롤이 꺼졌습니다.
[2022.08.25-00.55.49:346][  0]LogUnrealEdMisc: Loading editor; pre map load, took 24.183
[2022.08.25-00.55.49:348][  0]Cmd: MAP LOAD FILE="../../../../../../ilue/VR_Escape/Content/Escape/Map/Room.umap" TEMPLATE=0 SHOWPROGRESS=1 FEATURELEVEL=3
[2022.08.25-00.55.49:349][  0]LightingResults: New page: 라이팅 빌드
[2022.08.25-00.55.49:354][  0]LogWorld: UWorld::CleanupWorld for Untitled, bSessionEnded=true, bCleanupResources=true
[2022.08.25-00.55.49:355][  0]LogSlate: InvalidateAllWidgets triggered.  All widgets were invalidated
[2022.08.25-00.55.49:356][  0]MapCheck: New page: 맵 체크
[2022.08.25-00.55.49:356][  0]LightingResults: New page: 라이팅 빌드
[2022.08.25-00.55.49:364][  0]LogAudio: Display: Audio Device unregistered from world 'None'.
[2022.08.25-00.55.49:372][  0]LogUObjectHash: Compacting FUObjectHashTables data took   0.74ms
[2022.08.25-00.55.50:661][  0]LogTexture: Display: 텍스처 빌드: arrow (BGRA8, 301X167)
[2022.08.25-00.55.50:661][  0]LogTexture: Display: 텍스처 빌드: Quiz (BGRA8, 818X647)
[2022.08.25-00.55.50:661][  0]LogTexture: Display: 텍스처 빌드: Genius (OODLE_AutoDXT, 300X168)
[2022.08.25-00.55.50:661][  0]LogTexture: Display: 텍스처 빌드: FlowerPot2 (BGRA8, 387X291)
[2022.08.25-00.55.50:661][  0]LogTexture: Display: 텍스처 빌드: FlowerPot1_Half (BGRA8, 250X649)
[2022.08.25-00.55.50:661][  0]LogTexture: Display: 텍스처 빌드: FlowerPot3 (BGRA8, 417X362)
[2022.08.25-00.55.50:661][  0]LogTexture: Display: 텍스처 빌드: SafeSmall (BGRA8, 481X519)
[2022.08.25-00.55.50:661][  0]LogMaterial: Display: Missing cached shadermap for Quiz_Mat in PCD3D_SM5, Default, SM5 (DDC key hash: AA77F0C4C2B827A51BE4CB19102548340B5DC131), compiling. 
[2022.08.25-00.55.50:732][  0]LogShaderCompilers: Display: Submitted 35 shader compile jobs with 'Low' priority
[2022.08.25-00.55.50:749][  0]LogShaderCompilers: Display: Started 35 'XGE' shader compile jobs with 'Low' priority
[2022.08.25-00.55.50:749][  0]LogMaterial: Display: Missing cached shadermap for Genius_Mat in PCD3D_SM5, Default, SM5 (DDC key hash: 10CD5DC5DA3CCE60446CEE95E0BE9038890C00E5), compiling. 
[2022.08.25-00.55.50:781][  0]LogShaderCompilers: Display: Submitted 35 shader compile jobs with 'Low' priority
[2022.08.25-00.55.50:795][  0]LogShaderCompilers: Display: Started 35 'XGE' shader compile jobs with 'Low' priority
[2022.08.25-00.55.50:895][  0]LogAudio: Display: Audio Device (ID: 1) registered with world 'Room'.
[2022.08.25-00.55.50:896][  0]LogAIModule: Creating AISystem for world Room
[2022.08.25-00.55.50:948][  0]LogEditorServer: Finished looking for orphan Actors (0.000 secs)
[2022.08.25-00.55.50:966][  0]LogUObjectHash: Compacting FUObjectHashTables data took   1.04ms
[2022.08.25-00.55.50:967][  0]Cmd: MAP CHECKDEP NOCLEARLOG
[2022.08.25-00.55.50:967][  0]MapCheck: 맵 체크 완료: 오류 0 회, 경고 0 회, 소요 시간 0.504ms.
[2022.08.25-00.55.50:967][  0]LogFileHelpers: Loading map 'Room' took 1.620
[2022.08.25-00.55.50:991][  0]LogUnrealEdMisc: Total Editor Startup Time, took 25.828
[2022.08.25-00.55.51:172][  0]LogSlate: Updating window title bar state: overlay mode, drag disabled, window buttons hidden, title bar hidden
[2022.08.25-00.55.51:179][  0]LogSlate: Updating window title bar state: overlay mode, drag disabled, window buttons hidden, title bar hidden
[2022.08.25-00.55.51:184][  0]LogSlate: Updating window title bar state: overlay mode, drag disabled, window buttons hidden, title bar hidden
[2022.08.25-00.55.51:189][  0]LogSlate: Updating window title bar state: overlay mode, drag disabled, window buttons hidden, title bar hidden
[2022.08.25-00.55.51:227][  0]LogNativeClassHierarchy: Verbose: Native class hierarchy populated in 0.0082 seconds. Added 4003 classes and 971 folders.
[2022.08.25-00.55.51:236][  0]LogNativeClassHierarchy: Verbose: Native class hierarchy updated for 'WidgetCarousel' in 0.0002 seconds. Added 0 classes and 0 folders.
[2022.08.25-00.55.51:248][  0]LogPakFile: PakFile PrimaryIndexSize=187
[2022.08.25-00.55.51:248][  0]LogPakFile: PakFile PathHashIndexSize=101
[2022.08.25-00.55.51:248][  0]LogPakFile: PakFile FullDirectoryIndexSize=148
[2022.08.25-00.55.51:248][  0]LogShaderLibrary: Display: ShaderCodeLibraryPakFileMountedCallback: PakFile 'C:/Program Files/Epic Games/UE_4.27/FeaturePacks/FP_FirstPerson.upack' (chunk index -1, root 'root:/') mounted
[2022.08.25-00.55.51:248][  0]LogShaderLibrary: Display: ShaderCodeLibraryPakFileMountedCallback: pending pak file info (ChunkID:-1 Root:root:/ File:C:/Program Files/Epic Games/UE_4.27/FeaturePacks/FP_FirstPerson.upack)
[2022.08.25-00.55.51:248][  0]LogPakFile: OnPakFileMounted2Time == 0.000048
[2022.08.25-00.55.51:256][  0]LogPakFile: PakFile PrimaryIndexSize=189
[2022.08.25-00.55.51:256][  0]LogPakFile: PakFile PathHashIndexSize=101
[2022.08.25-00.55.51:256][  0]LogPakFile: PakFile FullDirectoryIndexSize=152
[2022.08.25-00.55.51:256][  0]LogShaderLibrary: Display: ShaderCodeLibraryPakFileMountedCallback: PakFile 'C:/Program Files/Epic Games/UE_4.27/FeaturePacks/FP_FirstPersonBP.upack' (chunk index -1, root 'root:/') mounted
[2022.08.25-00.55.51:256][  0]LogShaderLibrary: Display: ShaderCodeLibraryPakFileMountedCallback: pending pak file info (ChunkID:-1 Root:root:/ File:C:/Program Files/Epic Games/UE_4.27/FeaturePacks/FP_FirstPersonBP.upack)
[2022.08.25-00.55.51:256][  0]LogPakFile: OnPakFileMounted2Time == 0.000044
[2022.08.25-00.55.51:261][  0]LogPakFile: PakFile PrimaryIndexSize=191
[2022.08.25-00.55.51:261][  0]LogPakFile: PakFile PathHashIndexSize=101
[2022.08.25-00.55.51:261][  0]LogPakFile: PakFile FullDirectoryIndexSize=160
[2022.08.25-00.55.51:261][  0]LogShaderLibrary: Display: ShaderCodeLibraryPakFileMountedCallback: PakFile 'C:/Program Files/Epic Games/UE_4.27/FeaturePacks/MobileStarterContent.upack' (chunk index -1, root 'root:/') mounted
[2022.08.25-00.55.51:261][  0]LogShaderLibrary: Display: ShaderCodeLibraryPakFileMountedCallback: pending pak file info (ChunkID:-1 Root:root:/ File:C:/Program Files/Epic Games/UE_4.27/FeaturePacks/MobileStarterContent.upack)
[2022.08.25-00.55.51:261][  0]LogPakFile: OnPakFileMounted2Time == 0.000037
[2022.08.25-00.55.51:266][  0]LogPakFile: PakFile PrimaryIndexSize=185
[2022.08.25-00.55.51:266][  0]LogPakFile: PakFile PathHashIndexSize=101
[2022.08.25-00.55.51:266][  0]LogPakFile: PakFile FullDirectoryIndexSize=148
[2022.08.25-00.55.51:266][  0]LogShaderLibrary: Display: ShaderCodeLibraryPakFileMountedCallback: PakFile 'C:/Program Files/Epic Games/UE_4.27/FeaturePacks/StarterContent.upack' (chunk index -1, root 'root:/') mounted
[2022.08.25-00.55.51:266][  0]LogShaderLibrary: Display: ShaderCodeLibraryPakFileMountedCallback: pending pak file info (ChunkID:-1 Root:root:/ File:C:/Program Files/Epic Games/UE_4.27/FeaturePacks/StarterContent.upack)
[2022.08.25-00.55.51:266][  0]LogPakFile: OnPakFileMounted2Time == 0.000041
[2022.08.25-00.55.51:271][  0]LogPakFile: PakFile PrimaryIndexSize=190
[2022.08.25-00.55.51:271][  0]LogPakFile: PakFile PathHashIndexSize=101
[2022.08.25-00.55.51:271][  0]LogPakFile: PakFile FullDirectoryIndexSize=154
[2022.08.25-00.55.51:271][  0]LogShaderLibrary: Display: ShaderCodeLibraryPakFileMountedCallback: PakFile 'C:/Program Files/Epic Games/UE_4.27/FeaturePacks/TP_2DSideScroller.upack' (chunk index -1, root 'root:/') mounted
[2022.08.25-00.55.51:271][  0]LogShaderLibrary: Display: ShaderCodeLibraryPakFileMountedCallback: pending pak file info (ChunkID:-1 Root:root:/ File:C:/Program Files/Epic Games/UE_4.27/FeaturePacks/TP_2DSideScroller.upack)
[2022.08.25-00.55.51:271][  0]LogPakFile: OnPakFileMounted2Time == 0.000036
[2022.08.25-00.55.51:276][  0]LogPakFile: PakFile PrimaryIndexSize=192
[2022.08.25-00.55.51:276][  0]LogPakFile: PakFile PathHashIndexSize=101
[2022.08.25-00.55.51:276][  0]LogPakFile: PakFile FullDirectoryIndexSize=158
[2022.08.25-00.55.51:276][  0]LogShaderLibrary: Display: ShaderCodeLibraryPakFileMountedCallback: PakFile 'C:/Program Files/Epic Games/UE_4.27/FeaturePacks/TP_2DSideScrollerBP.upack' (chunk index -1, root 'root:/') mounted
[2022.08.25-00.55.51:276][  0]LogShaderLibrary: Display: ShaderCodeLibraryPakFileMountedCallback: pending pak file info (ChunkID:-1 Root:root:/ File:C:/Program Files/Epic Games/UE_4.27/FeaturePacks/TP_2DSideScrollerBP.upack)
[2022.08.25-00.55.51:276][  0]LogPakFile: OnPakFileMounted2Time == 0.000037
[2022.08.25-00.55.51:281][  0]LogPakFile: PakFile PrimaryIndexSize=182
[2022.08.25-00.55.51:281][  0]LogPakFile: PakFile PathHashIndexSize=101
[2022.08.25-00.55.51:281][  0]LogPakFile: PakFile FullDirectoryIndexSize=138
[2022.08.25-00.55.51:281][  0]LogShaderLibrary: Display: ShaderCodeLibraryPakFileMountedCallback: PakFile 'C:/Program Files/Epic Games/UE_4.27/FeaturePacks/TP_Flying.upack' (chunk index -1, root 'root:/') mounted
[2022.08.25-00.55.51:281][  0]LogShaderLibrary: Display: ShaderCodeLibraryPakFileMountedCallback: pending pak file info (ChunkID:-1 Root:root:/ File:C:/Program Files/Epic Games/UE_4.27/FeaturePacks/TP_Flying.upack)
[2022.08.25-00.55.51:281][  0]LogPakFile: OnPakFileMounted2Time == 0.000034
[2022.08.25-00.55.51:287][  0]LogPakFile: PakFile PrimaryIndexSize=184
[2022.08.25-00.55.51:287][  0]LogPakFile: PakFile PathHashIndexSize=101
[2022.08.25-00.55.51:287][  0]LogPakFile: PakFile FullDirectoryIndexSize=142
[2022.08.25-00.55.51:287][  0]LogShaderLibrary: Display: ShaderCodeLibraryPakFileMountedCallback: PakFile 'C:/Program Files/Epic Games/UE_4.27/FeaturePacks/TP_FlyingBP.upack' (chunk index -1, root 'root:/') mounted
[2022.08.25-00.55.51:287][  0]LogShaderLibrary: Display: ShaderCodeLibraryPakFileMountedCallback: pending pak file info (ChunkID:-1 Root:root:/ File:C:/Program Files/Epic Games/UE_4.27/FeaturePacks/TP_FlyingBP.upack)
[2022.08.25-00.55.51:287][  0]LogPakFile: OnPakFileMounted2Time == 0.000037
[2022.08.25-00.55.51:292][  0]LogPakFile: PakFile PrimaryIndexSize=188
[2022.08.25-00.55.51:292][  0]LogPakFile: PakFile PathHashIndexSize=101
[2022.08.25-00.55.51:292][  0]LogPakFile: PakFile FullDirectoryIndexSize=150
[2022.08.25-00.55.51:292][  0]LogShaderLibrary: Display: ShaderCodeLibraryPakFileMountedCallback: PakFile 'C:/Program Files/Epic Games/UE_4.27/FeaturePacks/TP_HandheldARBP.upack' (chunk index -1, root 'root:/') mounted
[2022.08.25-00.55.51:292][  0]LogShaderLibrary: Display: ShaderCodeLibraryPakFileMountedCallback: pending pak file info (ChunkID:-1 Root:root:/ File:C:/Program Files/Epic Games/UE_4.27/FeaturePacks/TP_HandheldARBP.upack)
[2022.08.25-00.55.51:292][  0]LogPakFile: OnPakFileMounted2Time == 0.000038
[2022.08.25-00.55.51:299][  0]LogPakFile: PakFile PrimaryIndexSize=182
[2022.08.25-00.55.51:299][  0]LogPakFile: PakFile PathHashIndexSize=101
[2022.08.25-00.55.51:299][  0]LogPakFile: PakFile FullDirectoryIndexSize=138
[2022.08.25-00.55.51:299][  0]LogShaderLibrary: Display: ShaderCodeLibraryPakFileMountedCallback: PakFile 'C:/Program Files/Epic Games/UE_4.27/FeaturePacks/TP_Puzzle.upack' (chunk index -1, root 'root:/') mounted
[2022.08.25-00.55.51:299][  0]LogShaderLibrary: Display: ShaderCodeLibraryPakFileMountedCallback: pending pak file info (ChunkID:-1 Root:root:/ File:C:/Program Files/Epic Games/UE_4.27/FeaturePacks/TP_Puzzle.upack)
[2022.08.25-00.55.51:299][  0]LogPakFile: OnPakFileMounted2Time == 0.000038
[2022.08.25-00.55.51:303][  0]LogPakFile: PakFile PrimaryIndexSize=184
[2022.08.25-00.55.51:303][  0]LogPakFile: PakFile PathHashIndexSize=101
[2022.08.25-00.55.51:303][  0]LogPakFile: PakFile FullDirectoryIndexSize=142
[2022.08.25-00.55.51:304][  0]LogShaderLibrary: Display: ShaderCodeLibraryPakFileMountedCallback: PakFile 'C:/Program Files/Epic Games/UE_4.27/FeaturePacks/TP_PuzzleBP.upack' (chunk index -1, root 'root:/') mounted
[2022.08.25-00.55.51:304][  0]LogShaderLibrary: Display: ShaderCodeLibraryPakFileMountedCallback: pending pak file info (ChunkID:-1 Root:root:/ File:C:/Program Files/Epic Games/UE_4.27/FeaturePacks/TP_PuzzleBP.upack)
[2022.08.25-00.55.51:304][  0]LogPakFile: OnPakFileMounted2Time == 0.000040
[2022.08.25-00.55.51:309][  0]LogPakFile: PakFile PrimaryIndexSize=183
[2022.08.25-00.55.51:309][  0]LogPakFile: PakFile PathHashIndexSize=101
[2022.08.25-00.55.51:309][  0]LogPakFile: PakFile FullDirectoryIndexSize=140
[2022.08.25-00.55.51:309][  0]LogShaderLibrary: Display: ShaderCodeLibraryPakFileMountedCallback: PakFile 'C:/Program Files/Epic Games/UE_4.27/FeaturePacks/TP_Rolling.upack' (chunk index -1, root 'root:/') mounted
[2022.08.25-00.55.51:309][  0]LogShaderLibrary: Display: ShaderCodeLibraryPakFileMountedCallback: pending pak file info (ChunkID:-1 Root:root:/ File:C:/Program Files/Epic Games/UE_4.27/FeaturePacks/TP_Rolling.upack)
[2022.08.25-00.55.51:309][  0]LogPakFile: OnPakFileMounted2Time == 0.000036
[2022.08.25-00.55.51:313][  0]LogPakFile: PakFile PrimaryIndexSize=185
[2022.08.25-00.55.51:313][  0]LogPakFile: PakFile PathHashIndexSize=101
[2022.08.25-00.55.51:313][  0]LogPakFile: PakFile FullDirectoryIndexSize=144
[2022.08.25-00.55.51:313][  0]LogShaderLibrary: Display: ShaderCodeLibraryPakFileMountedCallback: PakFile 'C:/Program Files/Epic Games/UE_4.27/FeaturePacks/TP_RollingBP.upack' (chunk index -1, root 'root:/') mounted
[2022.08.25-00.55.51:313][  0]LogShaderLibrary: Display: ShaderCodeLibraryPakFileMountedCallback: pending pak file info (ChunkID:-1 Root:root:/ File:C:/Program Files/Epic Games/UE_4.27/FeaturePacks/TP_RollingBP.upack)
[2022.08.25-00.55.51:313][  0]LogPakFile: OnPakFileMounted2Time == 0.000036
[2022.08.25-00.55.51:319][  0]LogPakFile: PakFile PrimaryIndexSize=188
[2022.08.25-00.55.51:319][  0]LogPakFile: PakFile PathHashIndexSize=101
[2022.08.25-00.55.51:319][  0]LogPakFile: PakFile FullDirectoryIndexSize=150
[2022.08.25-00.55.51:319][  0]LogShaderLibrary: Display: ShaderCodeLibraryPakFileMountedCallback: PakFile 'C:/Program Files/Epic Games/UE_4.27/FeaturePacks/TP_SideScroller.upack' (chunk index -1, root 'root:/') mounted
[2022.08.25-00.55.51:319][  0]LogShaderLibrary: Display: ShaderCodeLibraryPakFileMountedCallback: pending pak file info (ChunkID:-1 Root:root:/ File:C:/Program Files/Epic Games/UE_4.27/FeaturePacks/TP_SideScroller.upack)
[2022.08.25-00.55.51:319][  0]LogPakFile: OnPakFileMounted2Time == 0.000039
[2022.08.25-00.55.51:324][  0]LogPakFile: PakFile PrimaryIndexSize=190
[2022.08.25-00.55.51:324][  0]LogPakFile: PakFile PathHashIndexSize=101
[2022.08.25-00.55.51:324][  0]LogPakFile: PakFile FullDirectoryIndexSize=154
[2022.08.25-00.55.51:324][  0]LogShaderLibrary: Display: ShaderCodeLibraryPakFileMountedCallback: PakFile 'C:/Program Files/Epic Games/UE_4.27/FeaturePacks/TP_SideScrollerBP.upack' (chunk index -1, root 'root:/') mounted
[2022.08.25-00.55.51:324][  0]LogShaderLibrary: Display: ShaderCodeLibraryPakFileMountedCallback: pending pak file info (ChunkID:-1 Root:root:/ File:C:/Program Files/Epic Games/UE_4.27/FeaturePacks/TP_SideScrollerBP.upack)
[2022.08.25-00.55.51:324][  0]LogPakFile: OnPakFileMounted2Time == 0.000038
[2022.08.25-00.55.51:329][  0]LogPakFile: PakFile PrimaryIndexSize=187
[2022.08.25-00.55.51:329][  0]LogPakFile: PakFile PathHashIndexSize=101
[2022.08.25-00.55.51:329][  0]LogPakFile: PakFile FullDirectoryIndexSize=148
[2022.08.25-00.55.51:329][  0]LogShaderLibrary: Display: ShaderCodeLibraryPakFileMountedCallback: PakFile 'C:/Program Files/Epic Games/UE_4.27/FeaturePacks/TP_ThirdPerson.upack' (chunk index -1, root 'root:/') mounted
[2022.08.25-00.55.51:329][  0]LogShaderLibrary: Display: ShaderCodeLibraryPakFileMountedCallback: pending pak file info (ChunkID:-1 Root:root:/ File:C:/Program Files/Epic Games/UE_4.27/FeaturePacks/TP_ThirdPerson.upack)
[2022.08.25-00.55.51:329][  0]LogPakFile: OnPakFileMounted2Time == 0.000037
[2022.08.25-00.55.51:333][  0]LogPakFile: PakFile PrimaryIndexSize=189
[2022.08.25-00.55.51:333][  0]LogPakFile: PakFile PathHashIndexSize=101
[2022.08.25-00.55.51:333][  0]LogPakFile: PakFile FullDirectoryIndexSize=152
[2022.08.25-00.55.51:334][  0]LogShaderLibrary: Display: ShaderCodeLibraryPakFileMountedCallback: PakFile 'C:/Program Files/Epic Games/UE_4.27/FeaturePacks/TP_ThirdPersonBP.upack' (chunk index -1, root 'root:/') mounted
[2022.08.25-00.55.51:334][  0]LogShaderLibrary: Display: ShaderCodeLibraryPakFileMountedCallback: pending pak file info (ChunkID:-1 Root:root:/ File:C:/Program Files/Epic Games/UE_4.27/FeaturePacks/TP_ThirdPersonBP.upack)
[2022.08.25-00.55.51:334][  0]LogPakFile: OnPakFileMounted2Time == 0.000040
[2022.08.25-00.55.51:338][  0]LogPakFile: PakFile PrimaryIndexSize=183
[2022.08.25-00.55.51:338][  0]LogPakFile: PakFile PathHashIndexSize=101
[2022.08.25-00.55.51:338][  0]LogPakFile: PakFile FullDirectoryIndexSize=140
[2022.08.25-00.55.51:338][  0]LogShaderLibrary: Display: ShaderCodeLibraryPakFileMountedCallback: PakFile 'C:/Program Files/Epic Games/UE_4.27/FeaturePacks/TP_TopDown.upack' (chunk index -1, root 'root:/') mounted
[2022.08.25-00.55.51:338][  0]LogShaderLibrary: Display: ShaderCodeLibraryPakFileMountedCallback: pending pak file info (ChunkID:-1 Root:root:/ File:C:/Program Files/Epic Games/UE_4.27/FeaturePacks/TP_TopDown.upack)
[2022.08.25-00.55.51:338][  0]LogPakFile: OnPakFileMounted2Time == 0.000045
[2022.08.25-00.55.51:344][  0]LogPakFile: PakFile PrimaryIndexSize=185
[2022.08.25-00.55.51:344][  0]LogPakFile: PakFile PathHashIndexSize=101
[2022.08.25-00.55.51:344][  0]LogPakFile: PakFile FullDirectoryIndexSize=144
[2022.08.25-00.55.51:344][  0]LogShaderLibrary: Display: ShaderCodeLibraryPakFileMountedCallback: PakFile 'C:/Program Files/Epic Games/UE_4.27/FeaturePacks/TP_TopDownBP.upack' (chunk index -1, root 'root:/') mounted
[2022.08.25-00.55.51:344][  0]LogShaderLibrary: Display: ShaderCodeLibraryPakFileMountedCallback: pending pak file info (ChunkID:-1 Root:root:/ File:C:/Program Files/Epic Games/UE_4.27/FeaturePacks/TP_TopDownBP.upack)
[2022.08.25-00.55.51:344][  0]LogPakFile: OnPakFileMounted2Time == 0.000041
[2022.08.25-00.55.51:353][  0]LogPakFile: PakFile PrimaryIndexSize=185
[2022.08.25-00.55.51:353][  0]LogPakFile: PakFile PathHashIndexSize=101
[2022.08.25-00.55.51:353][  0]LogPakFile: PakFile FullDirectoryIndexSize=144
[2022.08.25-00.55.51:353][  0]LogShaderLibrary: Display: ShaderCodeLibraryPakFileMountedCallback: PakFile 'C:/Program Files/Epic Games/UE_4.27/FeaturePacks/TP_TwinStick.upack' (chunk index -1, root 'root:/') mounted
[2022.08.25-00.55.51:353][  0]LogShaderLibrary: Display: ShaderCodeLibraryPakFileMountedCallback: pending pak file info (ChunkID:-1 Root:root:/ File:C:/Program Files/Epic Games/UE_4.27/FeaturePacks/TP_TwinStick.upack)
[2022.08.25-00.55.51:353][  0]LogPakFile: OnPakFileMounted2Time == 0.000039
[2022.08.25-00.55.51:358][  0]LogPakFile: PakFile PrimaryIndexSize=187
[2022.08.25-00.55.51:358][  0]LogPakFile: PakFile PathHashIndexSize=101
[2022.08.25-00.55.51:358][  0]LogPakFile: PakFile FullDirectoryIndexSize=148
[2022.08.25-00.55.51:358][  0]LogShaderLibrary: Display: ShaderCodeLibraryPakFileMountedCallback: PakFile 'C:/Program Files/Epic Games/UE_4.27/FeaturePacks/TP_TwinStickBP.upack' (chunk index -1, root 'root:/') mounted
[2022.08.25-00.55.51:358][  0]LogShaderLibrary: Display: ShaderCodeLibraryPakFileMountedCallback: pending pak file info (ChunkID:-1 Root:root:/ File:C:/Program Files/Epic Games/UE_4.27/FeaturePacks/TP_TwinStickBP.upack)
[2022.08.25-00.55.51:358][  0]LogPakFile: OnPakFileMounted2Time == 0.000038
[2022.08.25-00.55.51:363][  0]LogPakFile: PakFile PrimaryIndexSize=183
[2022.08.25-00.55.51:363][  0]LogPakFile: PakFile PathHashIndexSize=101
[2022.08.25-00.55.51:363][  0]LogPakFile: PakFile FullDirectoryIndexSize=140
[2022.08.25-00.55.51:363][  0]LogShaderLibrary: Display: ShaderCodeLibraryPakFileMountedCallback: PakFile 'C:/Program Files/Epic Games/UE_4.27/FeaturePacks/TP_Vehicle.upack' (chunk index -1, root 'root:/') mounted
[2022.08.25-00.55.51:363][  0]LogShaderLibrary: Display: ShaderCodeLibraryPakFileMountedCallback: pending pak file info (ChunkID:-1 Root:root:/ File:C:/Program Files/Epic Games/UE_4.27/FeaturePacks/TP_Vehicle.upack)
[2022.08.25-00.55.51:363][  0]LogPakFile: OnPakFileMounted2Time == 0.000037
[2022.08.25-00.55.51:369][  0]LogPakFile: PakFile PrimaryIndexSize=186
[2022.08.25-00.55.51:369][  0]LogPakFile: PakFile PathHashIndexSize=101
[2022.08.25-00.55.51:369][  0]LogPakFile: PakFile FullDirectoryIndexSize=146
[2022.08.25-00.55.51:369][  0]LogShaderLibrary: Display: ShaderCodeLibraryPakFileMountedCallback: PakFile 'C:/Program Files/Epic Games/UE_4.27/FeaturePacks/TP_VehicleAdv.upack' (chunk index -1, root 'root:/') mounted
[2022.08.25-00.55.51:369][  0]LogShaderLibrary: Display: ShaderCodeLibraryPakFileMountedCallback: pending pak file info (ChunkID:-1 Root:root:/ File:C:/Program Files/Epic Games/UE_4.27/FeaturePacks/TP_VehicleAdv.upack)
[2022.08.25-00.55.51:369][  0]LogPakFile: OnPakFileMounted2Time == 0.000038
[2022.08.25-00.55.51:373][  0]LogPakFile: PakFile PrimaryIndexSize=188
[2022.08.25-00.55.51:373][  0]LogPakFile: PakFile PathHashIndexSize=101
[2022.08.25-00.55.51:373][  0]LogPakFile: PakFile FullDirectoryIndexSize=150
[2022.08.25-00.55.51:373][  0]LogShaderLibrary: Display: ShaderCodeLibraryPakFileMountedCallback: PakFile 'C:/Program Files/Epic Games/UE_4.27/FeaturePacks/TP_VehicleAdvBP.upack' (chunk index -1, root 'root:/') mounted
[2022.08.25-00.55.51:373][  0]LogShaderLibrary: Display: ShaderCodeLibraryPakFileMountedCallback: pending pak file info (ChunkID:-1 Root:root:/ File:C:/Program Files/Epic Games/UE_4.27/FeaturePacks/TP_VehicleAdvBP.upack)
[2022.08.25-00.55.51:373][  0]LogPakFile: OnPakFileMounted2Time == 0.000036
[2022.08.25-00.55.51:380][  0]LogPakFile: PakFile PrimaryIndexSize=185
[2022.08.25-00.55.51:380][  0]LogPakFile: PakFile PathHashIndexSize=101
[2022.08.25-00.55.51:380][  0]LogPakFile: PakFile FullDirectoryIndexSize=144
[2022.08.25-00.55.51:380][  0]LogShaderLibrary: Display: ShaderCodeLibraryPakFileMountedCallback: PakFile 'C:/Program Files/Epic Games/UE_4.27/FeaturePacks/TP_VehicleBP.upack' (chunk index -1, root 'root:/') mounted
[2022.08.25-00.55.51:380][  0]LogShaderLibrary: Display: ShaderCodeLibraryPakFileMountedCallback: pending pak file info (ChunkID:-1 Root:root:/ File:C:/Program Files/Epic Games/UE_4.27/FeaturePacks/TP_VehicleBP.upack)
[2022.08.25-00.55.51:380][  0]LogPakFile: OnPakFileMounted2Time == 0.000038
[2022.08.25-00.55.51:385][  0]LogPakFile: PakFile PrimaryIndexSize=192
[2022.08.25-00.55.51:385][  0]LogPakFile: PakFile PathHashIndexSize=101
[2022.08.25-00.55.51:385][  0]LogPakFile: PakFile FullDirectoryIndexSize=158
[2022.08.25-00.55.51:385][  0]LogShaderLibrary: Display: ShaderCodeLibraryPakFileMountedCallback: PakFile 'C:/Program Files/Epic Games/UE_4.27/FeaturePacks/TP_VirtualRealityBP.upack' (chunk index -1, root 'root:/') mounted
[2022.08.25-00.55.51:385][  0]LogShaderLibrary: Display: ShaderCodeLibraryPakFileMountedCallback: pending pak file info (ChunkID:-1 Root:root:/ File:C:/Program Files/Epic Games/UE_4.27/FeaturePacks/TP_VirtualRealityBP.upack)
[2022.08.25-00.55.51:385][  0]LogPakFile: OnPakFileMounted2Time == 0.000039
[2022.08.25-00.55.51:528][  0]LogNativeClassHierarchy: Verbose: Native class hierarchy updated for 'AddContentDialog' in 0.0002 seconds. Added 0 classes and 0 folders.
[2022.08.25-00.55.51:532][  0]LogNativeClassHierarchy: Verbose: Native class hierarchy updated for 'SceneOutliner' in 0.0003 seconds. Added 2 classes and 0 folders.
[2022.08.25-00.55.51:575][  0]LogNativeClassHierarchy: Verbose: Native class hierarchy updated for 'WorldBrowser' in 0.0002 seconds. Added 2 classes and 3 folders.
[2022.08.25-00.55.52:120][  0]LogSlate: Only BGRA pngs, bmps or icos are supported in by External Image Picker
[2022.08.25-00.55.52:231][  0]LogSlate: Took 0.006419 seconds to synchronously load lazily loaded font '../../../Engine/Content/Slate/Fonts/Roboto-Regular.ttf' (155K)
[2022.08.25-00.55.52:241][  0]LogSlate: Took 0.009217 seconds to synchronously load lazily loaded font '../../../Engine/Content/Editor/Slate/Fonts/NanumGothic.ttf' (4243K)
[2022.08.25-00.55.52:247][  0]LogSlate: Took 0.005387 seconds to synchronously load lazily loaded font '../../../Engine/Content/Editor/Slate/Fonts/FontAwesome.ttf' (139K)
[2022.08.25-00.55.52:256][  0]LogSlate: Took 0.008374 seconds to synchronously load lazily loaded font '../../../Engine/Content/Editor/Slate/Fonts/NanumGothicBold.ttf' (4188K)
[2022.08.25-00.55.52:260][  0]LogSlate: Took 0.003879 seconds to synchronously load lazily loaded font '../../../Engine/Content/Slate/Fonts/Roboto-Bold.ttf' (160K)
[2022.08.25-00.55.52:423][  0]LogRenderer: Reallocating scene render targets to support 808x436 Format 10 NumSamples 1 (Frame:1).
[2022.08.25-00.55.52:954][  0]LogNativeClassHierarchy: Verbose: Native class hierarchy updated for 'HierarchicalLODOutliner' in 0.0003 seconds. Added 0 classes and 0 folders.
[2022.08.25-00.55.52:955][  0]LogLoad: (Engine Initialization) Total time: 27.79 seconds
[2022.08.25-00.55.52:955][  0]LogLoad: (Engine Initialization) Total Blueprint compile time: 0.00 seconds
[2022.08.25-00.55.53:201][  0]LogAssetRegistry: Asset discovery search completed in 16.0646 seconds
[2022.08.25-00.55.53:205][  0]LogCollectionManager: Fixed up redirectors for 0 collections in 0.000004 seconds (updated 0 objects)
[2022.08.25-00.55.53:209][  0]LogContentStreaming: Texture pool size now 1000 MB
[2022.08.25-00.56.00:086][410]LogEditorViewport: Clicking on Actor (LMB): StaticMeshActor (Cube8)
[2022.08.25-00.56.13:321][200]LogEditorViewport: Clicking on Actor (LMB): StaticMeshActor (Cube6)
[2022.08.25-00.56.47:745][262]LogEditorViewport: Clicking on Actor (LMB): StaticMeshActor (Cube7)
[2022.08.25-00.56.52:237][529]LogEditorViewport: Clicking on Actor (LMB): StaticMeshActor (Cube9)
[2022.08.25-00.56.59:366][954]LogEditorViewport: Clicking on Actor (LMB): StaticMeshActor (Cube8)
[2022.08.25-00.58.05:358][909]LogUObjectHash: Compacting FUObjectHashTables data took   0.81ms
[2022.08.25-00.58.06:349][909]LogSlate: Window '콘텐츠 저장' being destroyed
[2022.08.25-00.58.06:364][909]LogSlate: Took 0.007368 seconds to synchronously load lazily loaded font '../../../Engine/Content/Slate/Fonts/Roboto-Light.ttf' (167K)
[2022.08.25-00.58.06:380][909]Cmd: OBJ SAVEPACKAGE PACKAGE="/Game/Escape/Map/Room" FILE="../../../../../../ilue/VR_Escape/Content/Escape/Map/Room.umap" SILENT=true AUTOSAVING=false KEEPDIRTY=false
[2022.08.25-00.58.06:387][909]LogUObjectHash: Compacting FUObjectHashTables data took   0.28ms
[2022.08.25-00.58.06:423][909]LogSavePackage: Moving '../../../../../../ilue/VR_Escape/Saved/Room10E444DC4DF602273609CA90FC79D9B9.tmp' to '../../../../../../ilue/VR_Escape/Content/Escape/Map/Room.umap'
[2022.08.25-00.58.06:429][909]LogFileHelpers: Saving map 'Room' took 0.049
[2022.08.25-00.58.06:439][909]AssetCheck: New page: 에셋 저장:  Room
[2022.08.25-00.58.06:439][909]LogContentValidation: Display: World /Game/Escape/Map/Room.Room 유효성 검사 중
